Using pre-set license
Built from '2020.2/release' branch; Version is '2020.2.4f1 (becced5a802b) revision 12504301'; Using compiler version '192528614'; Build Type 'Release'
OS: 'Windows 10 Home China; OS build 19042.985; Version 2009; 64bit' Language: 'zh' Physical Memory: 16233 MB
BatchMode: 1, IsHumanControllingUs: 0, StartBugReporterOnCrash: 0, Is64bit: 1, IsPro: 0

 COMMAND LINE ARGUMENTS:
E:\UTS\unity\2020.2.4f1\Editor\Unity.exe
-adb2
-batchMode
-noUpm
-name
AssetImportWorker0
-projectPath
E:/UTS/Gamedesign/ASS4/GameDesign/H20/H20
-logFile
Logs/AssetImportWorker0.log
-srvPort
57207
Successfully changed project path to: E:/UTS/Gamedesign/ASS4/GameDesign/H20/H20
E:/UTS/Gamedesign/ASS4/GameDesign/H20/H20
Using Asset Import Pipeline V2.
Refreshing native plugins compatible for Editor in 35.05 ms, found 1 plugins.
Preloading 0 native plugins for Editor in 0.00 ms.
Initialize engine version: 2020.2.4f1 (becced5a802b)
[Subsystems] Discovering subsystems at path E:/UTS/unity/2020.2.4f1/Editor/Data/Resources/UnitySubsystems
[Subsystems] Discovering subsystems at path E:/UTS/Gamedesign/ASS4/GameDesign/H20/H20/Assets
GfxDevice: creating device client; threaded=0
Direct3D:
    Version:  Direct3D 11.0 [level 11.1]
    Renderer: NVIDIA GeForce RTX 2070 (ID=0x1f10)
    Vendor:   
    VRAM:     8031 MB
    Driver:   26.21.14.4294
Initialize mono
Mono path[0] = 'E:/UTS/unity/2020.2.4f1/Editor/Data/Managed'
Mono path[1] = 'E:/UTS/unity/2020.2.4f1/Editor/Data/MonoBleedingEdge/lib/mono/unityjit'
Mono config path = 'E:/UTS/unity/2020.2.4f1/Editor/Data/MonoBleedingEdge/etc'
Using monoOptions --debugger-agent=transport=dt_socket,embedding=1,server=y,suspend=n,address=127.0.0.1:56936
Begin MonoManager ReloadAssembly
Registering precompiled unity dll's ...
Register platform support module: E:/UTS/unity/2020.2.4f1/Editor/Data/PlaybackEngines/WindowsStandaloneSupport/UnityEditor.WindowsStandalone.Extensions.dll
Registered in 0.001038 seconds.
Native extension for WindowsStandalone target not found
Refreshing native plugins compatible for Editor in 34.18 ms, found 1 plugins.
Preloading 0 native plugins for Editor in 0.00 ms.
Invoked RoslynAnalysisRunner static constructor.
RoslynAnalysisRunner will not be running.
RoslynAnalysisRunner has terminated.
Mono: successfully reloaded assembly
- Completed reload, in  1.063 seconds
Platform modules already initialized, skipping
Registering precompiled user dll's ...
Registered in 0.000696 seconds.
Begin MonoManager ReloadAssembly
Native extension for WindowsStandalone target not found
Refreshing native plugins compatible for Editor in 35.61 ms, found 1 plugins.
Preloading 0 native plugins for Editor in 0.00 ms.
Invoked RoslynAnalysisRunner static constructor.
RoslynAnalysisRunner will not be running.
RoslynAnalysisRunner has terminated.
Mono: successfully reloaded assembly
- Completed reload, in  0.841 seconds
Platform modules already initialized, skipping
========================================================================
Worker process is ready to serve import requests
Launched and connected shader compiler UnityShaderCompiler.exe after 0.06 seconds
Refreshing native plugins compatible for Editor in 0.36 ms, found 1 plugins.
Preloading 0 native plugins for Editor in 0.00 ms.
Unloading 1993 Unused Serialized files (Serialized files now loaded: 0)
System memory in use before: 93.4 MB.
System memory in use after: 93.3 MB.

Unloading 25 unused Assets to reduce memory usage. Loaded Objects now: 2434.
Total: 2.148100 ms (FindLiveObjects: 0.174200 ms CreateObjectMapping: 0.074000 ms MarkObjects: 1.786500 ms  DeleteObjects: 0.112400 ms)

========================================================================
Received Import Request.
  path: Assets/Scenes/SampleScene.unity
  artifactKey: Guid(2cda990e2423bbf4892e6590ba056729) Importer(815301076,1909f56bfc062723c751e8b465ee728b)
Start importing Assets/Scenes/SampleScene.unity using Guid(2cda990e2423bbf4892e6590ba056729) Importer(815301076,1909f56bfc062723c751e8b465ee728b)  -> (artifact id: '709747ac962673ab5b16e669a9755bb9') in 0.010875 seconds
  Import took 0.013579 seconds .

========================================================================
Received Import Request.
  Time since last request: 1.311599 seconds.
  path: Assets/Scenes/selectLevel.unity
  artifactKey: Guid(70a9e968190c77d4eadda90319eb2e07) Importer(815301076,1909f56bfc062723c751e8b465ee728b)
Start importing Assets/Scenes/selectLevel.unity using Guid(70a9e968190c77d4eadda90319eb2e07) Importer(815301076,1909f56bfc062723c751e8b465ee728b)  -> (artifact id: 'fe7f479e5653d9dc7f6126401319264c') in 0.002377 seconds
  Import took 0.005785 seconds .

========================================================================
Received Import Request.
  Time since last request: 13.722738 seconds.
  path: Assets/Scenes/Level1.unity
  artifactKey: Guid(0ea3d802a27294c4da52356c7a6a4faa) Importer(815301076,1909f56bfc062723c751e8b465ee728b)
Start importing Assets/Scenes/Level1.unity using Guid(0ea3d802a27294c4da52356c7a6a4faa) Importer(815301076,1909f56bfc062723c751e8b465ee728b)  -> (artifact id: 'eb61b69f49b7a6c9a78b0bc1c00d283c') in 0.002755 seconds
  Import took 0.005959 seconds .

========================================================================
Received Import Request.
  Time since last request: 12.895292 seconds.
  path: Assets/Scenes/SampleScene.unity
  artifactKey: Guid(2cda990e2423bbf4892e6590ba056729) Importer(815301076,1909f56bfc062723c751e8b465ee728b)
Start importing Assets/Scenes/SampleScene.unity using Guid(2cda990e2423bbf4892e6590ba056729) Importer(815301076,1909f56bfc062723c751e8b465ee728b)  -> (artifact id: '1c2e05b1f671f6a199c4e2accc597989') in 0.002186 seconds
  Import took 0.005922 seconds .

========================================================================
Received Import Request.
  Time since last request: 0.950341 seconds.
  path: Assets/Scenes/Tutorial.unity
  artifactKey: Guid(d199826b0f1cba542bac2398782a3c66) Importer(815301076,1909f56bfc062723c751e8b465ee728b)
Start importing Assets/Scenes/Tutorial.unity using Guid(d199826b0f1cba542bac2398782a3c66) Importer(815301076,1909f56bfc062723c751e8b465ee728b)  -> (artifact id: '7098d434fad3e5a0056766471695cdba') in 0.003340 seconds
  Import took 0.006519 seconds .

========================================================================
Received Import Request.
  Time since last request: 42.531021 seconds.
  path: Assets/Scenes/startMenu.unity
  artifactKey: Guid(00ac19356f24cb943a2445283f7694be) Importer(815301076,1909f56bfc062723c751e8b465ee728b)
Start importing Assets/Scenes/startMenu.unity using Guid(00ac19356f24cb943a2445283f7694be) Importer(815301076,1909f56bfc062723c751e8b465ee728b)  -> (artifact id: '28c14bd077263c83406960a92cc0c04a') in 0.002560 seconds
  Import took 0.005695 seconds .

========================================================================
Received Import Request.
  Time since last request: 19.301031 seconds.
  path: Assets/Scenes/Level2.unity
  artifactKey: Guid(06772ea3c07518b4bb1fb5a0cc78cd2e) Importer(815301076,1909f56bfc062723c751e8b465ee728b)
Start importing Assets/Scenes/Level2.unity using Guid(06772ea3c07518b4bb1fb5a0cc78cd2e) Importer(815301076,1909f56bfc062723c751e8b465ee728b)  -> (artifact id: '3d3cb0e000d073ee0ac58cb26967e3dc') in 0.002505 seconds
  Import took 0.005688 seconds .

========================================================================
Received Import Request.
  Time since last request: 0.968952 seconds.
  path: Assets/Scenes/Level3.unity
  artifactKey: Guid(fc824c7f936c5c647a4780f0cde332bf) Importer(815301076,1909f56bfc062723c751e8b465ee728b)
Start importing Assets/Scenes/Level3.unity using Guid(fc824c7f936c5c647a4780f0cde332bf) Importer(815301076,1909f56bfc062723c751e8b465ee728b)  -> (artifact id: '6d3ef1de0bebd36e163f442e32e2e126') in 0.002333 seconds
  Import took 0.005388 seconds .

========================================================================
Received Import Request.
  Time since last request: 1.731494 seconds.
  path: Assets/Scenes/Level4.unity
  artifactKey: Guid(306be789cca7fef4ea9bc90ce164d1a6) Importer(815301076,1909f56bfc062723c751e8b465ee728b)
Start importing Assets/Scenes/Level4.unity using Guid(306be789cca7fef4ea9bc90ce164d1a6) Importer(815301076,1909f56bfc062723c751e8b465ee728b)  -> (artifact id: '5b9b1ac67180f86e2ee094fbc250b2aa') in 0.002449 seconds
  Import took 0.005926 seconds .

========================================================================
Received Import Request.
  Time since last request: 1.567111 seconds.
  path: Assets/Scenes/Level5.unity
  artifactKey: Guid(3ce5a6aca88f94242ae086b93e88982e) Importer(815301076,1909f56bfc062723c751e8b465ee728b)
Start importing Assets/Scenes/Level5.unity using Guid(3ce5a6aca88f94242ae086b93e88982e) Importer(815301076,1909f56bfc062723c751e8b465ee728b)  -> (artifact id: 'b3fe135a61e5afb849105e139c83787d') in 0.002534 seconds
  Import took 0.005363 seconds .

========================================================================
Received Import Request.
  Time since last request: 1.918157 seconds.
  path: Assets/Scenes/selectLevel.unity
  artifactKey: Guid(70a9e968190c77d4eadda90319eb2e07) Importer(815301076,1909f56bfc062723c751e8b465ee728b)
Start importing Assets/Scenes/selectLevel.unity using Guid(70a9e968190c77d4eadda90319eb2e07) Importer(815301076,1909f56bfc062723c751e8b465ee728b)  -> (artifact id: 'fb8b6d5da0e7975a312880f053efa264') in 0.002405 seconds
  Import took 0.005674 seconds .

========================================================================
Received Prepare
Registering precompiled user dll's ...
Registered in 0.001104 seconds.
Begin MonoManager ReloadAssembly
Native extension for WindowsStandalone target not found
Refreshing native plugins compatible for Editor in 0.35 ms, found 1 plugins.
Preloading 0 native plugins for Editor in 0.00 ms.
Invoked RoslynAnalysisRunner static constructor.
RoslynAnalysisRunner will not be running.
RoslynAnalysisRunner has terminated.
Mono: successfully reloaded assembly
- Completed reload, in  0.750 seconds
Platform modules already initialized, skipping
Refreshing native plugins compatible for Editor in 0.34 ms, found 1 plugins.
Preloading 0 native plugins for Editor in 0.00 ms.
Unloading 1997 Unused Serialized files (Serialized files now loaded: 0)
System memory in use before: 94.9 MB.
System memory in use after: 94.3 MB.

Unloading 25 unused Assets to reduce memory usage. Loaded Objects now: 2437.
Total: 2.145100 ms (FindLiveObjects: 0.143600 ms CreateObjectMapping: 0.051800 ms MarkObjects: 1.663700 ms  DeleteObjects: 0.285200 ms)

========================================================================
Received Prepare
Registering precompiled user dll's ...
Registered in 0.000768 seconds.
Begin MonoManager ReloadAssembly
Native extension for WindowsStandalone target not found
Refreshing native plugins compatible for Editor in 0.35 ms, found 1 plugins.
Preloading 0 native plugins for Editor in 0.00 ms.
Invoked RoslynAnalysisRunner static constructor.
RoslynAnalysisRunner will not be running.
RoslynAnalysisRunner has terminated.
Mono: successfully reloaded assembly
- Completed reload, in  0.749 seconds
Platform modules already initialized, skipping
Refreshing native plugins compatible for Editor in 0.36 ms, found 1 plugins.
Preloading 0 native plugins for Editor in 0.00 ms.
Unloading 1997 Unused Serialized files (Serialized files now loaded: 0)
System memory in use before: 94.9 MB.
System memory in use after: 94.4 MB.

Unloading 25 unused Assets to reduce memory usage. Loaded Objects now: 2440.
Total: 2.631900 ms (FindLiveObjects: 0.336600 ms CreateObjectMapping: 0.301400 ms MarkObjects: 1.675700 ms  DeleteObjects: 0.316500 ms)

========================================================================
Received Prepare
Registering precompiled user dll's ...
Registered in 0.001441 seconds.
Begin MonoManager ReloadAssembly
Native extension for WindowsStandalone target not found
Refreshing native plugins compatible for Editor in 0.46 ms, found 1 plugins.
Preloading 0 native plugins for Editor in 0.00 ms.
Invoked RoslynAnalysisRunner static constructor.
RoslynAnalysisRunner will not be running.
RoslynAnalysisRunner has terminated.
Mono: successfully reloaded assembly
- Completed reload, in  0.805 seconds
Platform modules already initialized, skipping
Refreshing native plugins compatible for Editor in 0.36 ms, found 1 plugins.
Preloading 0 native plugins for Editor in 0.00 ms.
Unloading 1997 Unused Serialized files (Serialized files now loaded: 0)
System memory in use before: 95.0 MB.
System memory in use after: 94.4 MB.

Unloading 25 unused Assets to reduce memory usage. Loaded Objects now: 2443.
Total: 2.779300 ms (FindLiveObjects: 0.194600 ms CreateObjectMapping: 0.074700 ms MarkObjects: 1.927500 ms  DeleteObjects: 0.581500 ms)

========================================================================
Received Import Request.
  Time since last request: 310.874032 seconds.
  path: Assets/Asset/background/background.jpg
  artifactKey: Guid(daa74837f0d34fb4091bbae23d82e6f2) Importer(815301076,1909f56bfc062723c751e8b465ee728b)
Start importing Assets/Asset/background/background.jpg using Guid(daa74837f0d34fb4091bbae23d82e6f2) Importer(815301076,1909f56bfc062723c751e8b465ee728b)  -> (artifact id: '7145bc61ee7f4528f9c2b3574f3bb749') in 0.187524 seconds
  Import took 0.191011 seconds .

========================================================================
Received Import Request.
  Time since last request: 0.002079 seconds.
  path: Assets/Asset/background/background.jpg
  artifactKey: Guid(daa74837f0d34fb4091bbae23d82e6f2) Importer(815301076,1909f56bfc062723c751e8b465ee728b)
Start importing Assets/Asset/background/background.jpg using Guid(daa74837f0d34fb4091bbae23d82e6f2) Importer(815301076,1909f56bfc062723c751e8b465ee728b)  -> (artifact id: '7145bc61ee7f4528f9c2b3574f3bb749') in 0.019553 seconds
  Import took 0.023034 seconds .

========================================================================
Received Prepare
Registering precompiled user dll's ...
Registered in 0.000787 seconds.
Begin MonoManager ReloadAssembly
Native extension for WindowsStandalone target not found
Refreshing native plugins compatible for Editor in 0.35 ms, found 1 plugins.
Preloading 0 native plugins for Editor in 0.00 ms.
Invoked RoslynAnalysisRunner static constructor.
RoslynAnalysisRunner will not be running.
RoslynAnalysisRunner has terminated.
Mono: successfully reloaded assembly
- Completed reload, in  0.758 seconds
Platform modules already initialized, skipping
Refreshing native plugins compatible for Editor in 0.35 ms, found 1 plugins.
Preloading 0 native plugins for Editor in 0.00 ms.
Unloading 1997 Unused Serialized files (Serialized files now loaded: 0)
System memory in use before: 97.9 MB.
System memory in use after: 97.4 MB.

Unloading 25 unused Assets to reduce memory usage. Loaded Objects now: 2452.
Total: 2.272400 ms (FindLiveObjects: 0.185000 ms CreateObjectMapping: 0.077500 ms MarkObjects: 1.707900 ms  DeleteObjects: 0.300900 ms)

========================================================================
Received Prepare
Registering precompiled user dll's ...
Registered in 0.000768 seconds.
Begin MonoManager ReloadAssembly
Native extension for WindowsStandalone target not found
Refreshing native plugins compatible for Editor in 0.35 ms, found 1 plugins.
Preloading 0 native plugins for Editor in 0.00 ms.
Invoked RoslynAnalysisRunner static constructor.
RoslynAnalysisRunner will not be running.
RoslynAnalysisRunner has terminated.
Mono: successfully reloaded assembly
- Completed reload, in  0.770 seconds
Platform modules already initialized, skipping
Refreshing native plugins compatible for Editor in 0.37 ms, found 1 plugins.
Preloading 0 native plugins for Editor in 0.00 ms.
Unloading 1997 Unused Serialized files (Serialized files now loaded: 0)
System memory in use before: 97.9 MB.
System memory in use after: 97.4 MB.

Unloading 25 unused Assets to reduce memory usage. Loaded Objects now: 2455.
Total: 2.708500 ms (FindLiveObjects: 0.299100 ms CreateObjectMapping: 0.105400 ms MarkObjects: 1.981700 ms  DeleteObjects: 0.320800 ms)

========================================================================
Received Prepare
Registering precompiled user dll's ...
Registered in 0.000745 seconds.
Begin MonoManager ReloadAssembly
Native extension for WindowsStandalone target not found
Refreshing native plugins compatible for Editor in 0.36 ms, found 1 plugins.
Preloading 0 native plugins for Editor in 0.00 ms.
Invoked RoslynAnalysisRunner static constructor.
RoslynAnalysisRunner will not be running.
RoslynAnalysisRunner has terminated.
Mono: successfully reloaded assembly
- Completed reload, in  0.747 seconds
Platform modules already initialized, skipping
Refreshing native plugins compatible for Editor in 0.35 ms, found 1 plugins.
Preloading 0 native plugins for Editor in 0.00 ms.
Unloading 1997 Unused Serialized files (Serialized files now loaded: 0)
System memory in use before: 98.0 MB.
System memory in use after: 97.4 MB.

Unloading 25 unused Assets to reduce memory usage. Loaded Objects now: 2458.
Total: 2.194300 ms (FindLiveObjects: 0.176400 ms CreateObjectMapping: 0.072000 ms MarkObjects: 1.623500 ms  DeleteObjects: 0.321700 ms)

========================================================================
Received Prepare
Registering precompiled user dll's ...
Registered in 0.000760 seconds.
Begin MonoManager ReloadAssembly
Native extension for WindowsStandalone target not found
Refreshing native plugins compatible for Editor in 0.36 ms, found 1 plugins.
Preloading 0 native plugins for Editor in 0.00 ms.
Invoked RoslynAnalysisRunner static constructor.
RoslynAnalysisRunner will not be running.
RoslynAnalysisRunner has terminated.
Mono: successfully reloaded assembly
- Completed reload, in  0.755 seconds
Platform modules already initialized, skipping
Refreshing native plugins compatible for Editor in 0.39 ms, found 1 plugins.
Preloading 0 native plugins for Editor in 0.00 ms.
Unloading 1997 Unused Serialized files (Serialized files now loaded: 0)
System memory in use before: 98.0 MB.
System memory in use after: 97.4 MB.

Unloading 25 unused Assets to reduce memory usage. Loaded Objects now: 2461.
Total: 2.641800 ms (FindLiveObjects: 0.287900 ms CreateObjectMapping: 0.116800 ms MarkObjects: 1.726600 ms  DeleteObjects: 0.509200 ms)

========================================================================
Received Import Request.
  Time since last request: 206.115727 seconds.
  path: Assets/Script/skipToLevels.cs
  artifactKey: Guid(0b01a01748a27f54481d09cb6be2275d) Importer(815301076,1909f56bfc062723c751e8b465ee728b)
Start importing Assets/Script/skipToLevels.cs using Guid(0b01a01748a27f54481d09cb6be2275d) Importer(815301076,1909f56bfc062723c751e8b465ee728b)  -> (artifact id: 'fb9bfd1dc7d07486f6fd00b4fb9c33ba') in 0.012470 seconds
  Import took 0.015879 seconds .

========================================================================
Received Import Request.
  Time since last request: 0.001487 seconds.
  path: Assets/Script/skipToLevels.cs
  artifactKey: Guid(0b01a01748a27f54481d09cb6be2275d) Importer(815301076,1909f56bfc062723c751e8b465ee728b)
Start importing Assets/Script/skipToLevels.cs using Guid(0b01a01748a27f54481d09cb6be2275d) Importer(815301076,1909f56bfc062723c751e8b465ee728b)  -> (artifact id: 'fb9bfd1dc7d07486f6fd00b4fb9c33ba') in 0.003248 seconds
  Import took 0.006582 seconds .

========================================================================
Received Prepare
Registering precompiled user dll's ...
Registered in 0.001090 seconds.
Begin MonoManager ReloadAssembly
Native extension for WindowsStandalone target not found
Refreshing native plugins compatible for Editor in 0.37 ms, found 1 plugins.
Preloading 0 native plugins for Editor in 0.00 ms.
Invoked RoslynAnalysisRunner static constructor.
RoslynAnalysisRunner will not be running.
RoslynAnalysisRunner has terminated.
Mono: successfully reloaded assembly
- Completed reload, in  0.818 seconds
Platform modules already initialized, skipping
Refreshing native plugins compatible for Editor in 0.38 ms, found 1 plugins.
Preloading 0 native plugins for Editor in 0.00 ms.
Unloading 1997 Unused Serialized files (Serialized files now loaded: 0)
System memory in use before: 98.0 MB.
System memory in use after: 97.4 MB.

Unloading 25 unused Assets to reduce memory usage. Loaded Objects now: 2464.
Total: 2.147500 ms (FindLiveObjects: 0.208100 ms CreateObjectMapping: 0.082300 ms MarkObjects: 1.529800 ms  DeleteObjects: 0.326600 ms)

========================================================================
Received Prepare
Registering precompiled user dll's ...
Registered in 0.001028 seconds.
Begin MonoManager ReloadAssembly
Native extension for WindowsStandalone target not found
Refreshing native plugins compatible for Editor in 0.54 ms, found 1 plugins.
Preloading 0 native plugins for Editor in 0.00 ms.
Invoked RoslynAnalysisRunner static constructor.
RoslynAnalysisRunner will not be running.
RoslynAnalysisRunner has terminated.
Mono: successfully reloaded assembly
- Completed reload, in  1.345 seconds
Platform modules already initialized, skipping
Refreshing native plugins compatible for Editor in 0.52 ms, found 1 plugins.
Preloading 0 native plugins for Editor in 0.00 ms.
Unloading 1997 Unused Serialized files (Serialized files now loaded: 0)
System memory in use before: 98.0 MB.
System memory in use after: 97.4 MB.

Unloading 25 unused Assets to reduce memory usage. Loaded Objects now: 2467.
Total: 4.053800 ms (FindLiveObjects: 0.292000 ms CreateObjectMapping: 0.167700 ms MarkObjects: 3.155300 ms  DeleteObjects: 0.437500 ms)

========================================================================
Received Prepare
Registering precompiled user dll's ...
Registered in 0.001312 seconds.
Begin MonoManager ReloadAssembly
Native extension for WindowsStandalone target not found
Refreshing native plugins compatible for Editor in 0.64 ms, found 1 plugins.
Preloading 0 native plugins for Editor in 0.00 ms.
Invoked RoslynAnalysisRunner static constructor.
RoslynAnalysisRunner will not be running.
RoslynAnalysisRunner has terminated.
Mono: successfully reloaded assembly
- Completed reload, in  1.026 seconds
Platform modules already initialized, skipping
Refreshing native plugins compatible for Editor in 0.50 ms, found 1 plugins.
Preloading 0 native plugins for Editor in 0.00 ms.
Unloading 1997 Unused Serialized files (Serialized files now loaded: 0)
System memory in use before: 98.0 MB.
System memory in use after: 97.4 MB.

Unloading 25 unused Assets to reduce memory usage. Loaded Objects now: 2470.
Total: 3.030900 ms (FindLiveObjects: 0.355000 ms CreateObjectMapping: 0.142600 ms MarkObjects: 2.152700 ms  DeleteObjects: 0.379300 ms)

========================================================================
Received Prepare
Registering precompiled user dll's ...
Registered in 0.000748 seconds.
Begin MonoManager ReloadAssembly
Native extension for WindowsStandalone target not found
Refreshing native plugins compatible for Editor in 0.38 ms, found 1 plugins.
Preloading 0 native plugins for Editor in 0.00 ms.
Invoked RoslynAnalysisRunner static constructor.
RoslynAnalysisRunner will not be running.
RoslynAnalysisRunner has terminated.
Mono: successfully reloaded assembly
- Completed reload, in  0.804 seconds
Platform modules already initialized, skipping
Refreshing native plugins compatible for Editor in 0.61 ms, found 1 plugins.
Preloading 0 native plugins for Editor in 0.00 ms.
Unloading 1997 Unused Serialized files (Serialized files now loaded: 0)
System memory in use before: 98.0 MB.
System memory in use after: 97.4 MB.

Unloading 25 unused Assets to reduce memory usage. Loaded Objects now: 2473.
Total: 2.492800 ms (FindLiveObjects: 0.227600 ms CreateObjectMapping: 0.148400 ms MarkObjects: 1.783900 ms  DeleteObjects: 0.331800 ms)

========================================================================
Received Prepare
Registering precompiled user dll's ...
Registered in 0.001735 seconds.
Begin MonoManager ReloadAssembly
Native extension for WindowsStandalone target not found
Refreshing native plugins compatible for Editor in 0.44 ms, found 1 plugins.
Preloading 0 native plugins for Editor in 0.00 ms.
Invoked RoslynAnalysisRunner static constructor.
RoslynAnalysisRunner will not be running.
RoslynAnalysisRunner has terminated.
Mono: successfully reloaded assembly
- Completed reload, in  0.781 seconds
Platform modules already initialized, skipping
Refreshing native plugins compatible for Editor in 0.34 ms, found 1 plugins.
Preloading 0 native plugins for Editor in 0.00 ms.
Unloading 1997 Unused Serialized files (Serialized files now loaded: 0)
System memory in use before: 98.0 MB.
System memory in use after: 97.4 MB.

Unloading 25 unused Assets to reduce memory usage. Loaded Objects now: 2476.
Total: 2.370100 ms (FindLiveObjects: 0.216500 ms CreateObjectMapping: 0.090000 ms MarkObjects: 1.717200 ms  DeleteObjects: 0.344400 ms)

========================================================================
Received Import Request.
  Time since last request: 1064.322945 seconds.
  path: Assets/Scenes/startMenu.unity
  artifactKey: Guid(00ac19356f24cb943a2445283f7694be) Importer(815301076,1909f56bfc062723c751e8b465ee728b)
Start importing Assets/Scenes/startMenu.unity using Guid(00ac19356f24cb943a2445283f7694be) Importer(815301076,1909f56bfc062723c751e8b465ee728b)  -> (artifact id: '2cdbef6b85faa5f0a99c3f6a6b2e9b0b') in 0.016775 seconds
  Import took 0.021670 seconds .

========================================================================
Received Prepare
Registering precompiled user dll's ...
Registered in 0.000955 seconds.
Begin MonoManager ReloadAssembly
Native extension for WindowsStandalone target not found
Refreshing native plugins compatible for Editor in 0.65 ms, found 1 plugins.
Preloading 0 native plugins for Editor in 0.00 ms.
Invoked RoslynAnalysisRunner static constructor.
RoslynAnalysisRunner will not be running.
RoslynAnalysisRunner has terminated.
Mono: successfully reloaded assembly
- Completed reload, in  1.009 seconds
Platform modules already initialized, skipping
Refreshing native plugins compatible for Editor in 0.46 ms, found 1 plugins.
Preloading 0 native plugins for Editor in 0.00 ms.
Unloading 1997 Unused Serialized files (Serialized files now loaded: 0)
System memory in use before: 98.0 MB.
System memory in use after: 97.4 MB.

Unloading 25 unused Assets to reduce memory usage. Loaded Objects now: 2479.
Total: 2.638900 ms (FindLiveObjects: 0.233900 ms CreateObjectMapping: 0.078700 ms MarkObjects: 1.934100 ms  DeleteObjects: 0.391100 ms)

========================================================================
Received Import Request.
  Time since last request: 135.244027 seconds.
  path: Assets/Prefab/Camera.prefab
  artifactKey: Guid(ca8c9b84423561b4898406113f1d01b6) Importer(815301076,1909f56bfc062723c751e8b465ee728b)
Start importing Assets/Prefab/Camera.prefab using Guid(ca8c9b84423561b4898406113f1d01b6) Importer(815301076,1909f56bfc062723c751e8b465ee728b)  -> (artifact id: '17e28f39b574b9c85250e84a9a4e2920') in 0.042307 seconds
  Import took 0.046465 seconds .

========================================================================
Received Import Request.
  Time since last request: 0.000373 seconds.
  path: Assets/Prefab/raindrop.prefab
  artifactKey: Guid(8aedff433288638408b34ed439caca6e) Importer(815301076,1909f56bfc062723c751e8b465ee728b)
Start importing Assets/Prefab/raindrop.prefab using Guid(8aedff433288638408b34ed439caca6e) Importer(815301076,1909f56bfc062723c751e8b465ee728b)  -> (artifact id: '9e3c70d5a7c10b01cb1f442760412adc') in 0.079413 seconds
  Import took 0.086228 seconds .

========================================================================
Received Import Request.
  Time since last request: 0.000268 seconds.
  path: Assets/Prefab/CM vcam1.prefab
  artifactKey: Guid(6d13186c828777245a3eb1809864e427) Importer(815301076,1909f56bfc062723c751e8b465ee728b)
Start importing Assets/Prefab/CM vcam1.prefab using Guid(6d13186c828777245a3eb1809864e427) Importer(815301076,1909f56bfc062723c751e8b465ee728b)  -> (artifact id: '6180c3d5ef5115397a6d545c5e6f5f09') in 0.011124 seconds
  Import took 0.014766 seconds .

========================================================================
Received Import Request.
  Time since last request: 0.000292 seconds.
  path: Assets/Prefab/redbutton0.prefab
  artifactKey: Guid(bf7cf61d295307042aa876eaa05a6b48) Importer(815301076,1909f56bfc062723c751e8b465ee728b)
Start importing Assets/Prefab/redbutton0.prefab using Guid(bf7cf61d295307042aa876eaa05a6b48) Importer(815301076,1909f56bfc062723c751e8b465ee728b)  -> (artifact id: '76fb94256b4eece82e5c7a919f7e522d') in 0.011471 seconds
  Import took 0.014640 seconds .

========================================================================
Received Import Request.
  Time since last request: 0.518661 seconds.
  path: Assets/Raindrop/gate.png
  artifactKey: Guid(bfe7bb31be1eb354dbbad4b9182dbfdb) Importer(815301076,1909f56bfc062723c751e8b465ee728b)
Start importing Assets/Raindrop/gate.png using Guid(bfe7bb31be1eb354dbbad4b9182dbfdb) Importer(815301076,1909f56bfc062723c751e8b465ee728b)  -> (artifact id: 'de6b9e165dc2871841fced420f5b2f8f') in 0.030856 seconds
  Import took 0.034758 seconds .

========================================================================
Received Import Request.
  Time since last request: 0.000364 seconds.
  path: Assets/Raindrop/redbutton2.png
  artifactKey: Guid(0406e35f8d5fca64eb41605f7d5e62f3) Importer(815301076,1909f56bfc062723c751e8b465ee728b)
Start importing Assets/Raindrop/redbutton2.png using Guid(0406e35f8d5fca64eb41605f7d5e62f3) Importer(815301076,1909f56bfc062723c751e8b465ee728b)  -> (artifact id: '8349d2b7134cc7b3b20ef2847acf261b') in 0.008847 seconds
  Import took 0.012815 seconds .

========================================================================
Received Import Request.
  Time since last request: 0.000281 seconds.
  path: Assets/Raindrop/raindrop.png
  artifactKey: Guid(646511a20d37e4b47a2c7309b0a75ead) Importer(815301076,1909f56bfc062723c751e8b465ee728b)
Start importing Assets/Raindrop/raindrop.png using Guid(646511a20d37e4b47a2c7309b0a75ead) Importer(815301076,1909f56bfc062723c751e8b465ee728b)  -> (artifact id: '89839c54b8769229c66e5da826a5c461') in 0.040850 seconds
  Import took 0.045183 seconds .

========================================================================
Received Import Request.
  Time since last request: 0.000348 seconds.
  path: Assets/Raindrop/redbutton1.png
  artifactKey: Guid(fb4b02d6a89bba6498504f40ff6587f1) Importer(815301076,1909f56bfc062723c751e8b465ee728b)
Start importing Assets/Raindrop/redbutton1.png using Guid(fb4b02d6a89bba6498504f40ff6587f1) Importer(815301076,1909f56bfc062723c751e8b465ee728b)  -> (artifact id: 'db1b20bf30cde15c933b98ad5ac76930') in 0.009939 seconds
  Import took 0.013848 seconds .

========================================================================
Received Import Request.
  Time since last request: 0.000385 seconds.
  path: Assets/Raindrop/redbutton0.png
  artifactKey: Guid(6f761e36be9cf6d4cb4dd38922eeca6e) Importer(815301076,1909f56bfc062723c751e8b465ee728b)
Start importing Assets/Raindrop/redbutton0.png using Guid(6f761e36be9cf6d4cb4dd38922eeca6e) Importer(815301076,1909f56bfc062723c751e8b465ee728b)  -> (artifact id: 'd2df276b99b3e3b74240b272877b3eb1') in 0.007617 seconds
  Import took 0.010631 seconds .

========================================================================
Received Prepare
Registering precompiled user dll's ...
Registered in 0.000966 seconds.
Begin MonoManager ReloadAssembly
Native extension for WindowsStandalone target not found
Refreshing native plugins compatible for Editor in 0.35 ms, found 1 plugins.
Preloading 0 native plugins for Editor in 0.00 ms.
Invoked RoslynAnalysisRunner static constructor.
RoslynAnalysisRunner will not be running.
RoslynAnalysisRunner has terminated.
Mono: successfully reloaded assembly
- Completed reload, in  0.783 seconds
Platform modules already initialized, skipping
Refreshing native plugins compatible for Editor in 0.35 ms, found 1 plugins.
Preloading 0 native plugins for Editor in 0.00 ms.
Unloading 1997 Unused Serialized files (Serialized files now loaded: 0)
System memory in use before: 98.1 MB.
System memory in use after: 97.6 MB.

Unloading 25 unused Assets to reduce memory usage. Loaded Objects now: 2499.
Total: 2.222600 ms (FindLiveObjects: 0.263700 ms CreateObjectMapping: 0.074300 ms MarkObjects: 1.570600 ms  DeleteObjects: 0.313100 ms)

========================================================================
Received Prepare
Registering precompiled user dll's ...
Registered in 0.001404 seconds.
Begin MonoManager ReloadAssembly
Native extension for WindowsStandalone target not found
Refreshing native plugins compatible for Editor in 0.83 ms, found 1 plugins.
Preloading 0 native plugins for Editor in 0.00 ms.
Invoked RoslynAnalysisRunner static constructor.
RoslynAnalysisRunner will not be running.
RoslynAnalysisRunner has terminated.
Mono: successfully reloaded assembly
- Completed reload, in  1.002 seconds
Platform modules already initialized, skipping
Refreshing native plugins compatible for Editor in 0.35 ms, found 1 plugins.
Preloading 0 native plugins for Editor in 0.00 ms.
Unloading 1997 Unused Serialized files (Serialized files now loaded: 0)
System memory in use before: 98.1 MB.
System memory in use after: 97.6 MB.

Unloading 25 unused Assets to reduce memory usage. Loaded Objects now: 2502.
Total: 2.341800 ms (FindLiveObjects: 0.164400 ms CreateObjectMapping: 0.054900 ms MarkObjects: 1.783400 ms  DeleteObjects: 0.338000 ms)

========================================================================
Received Prepare
Registering precompiled user dll's ...
Registered in 0.000938 seconds.
Begin MonoManager ReloadAssembly
Native extension for WindowsStandalone target not found
Refreshing native plugins compatible for Editor in 0.51 ms, found 1 plugins.
Preloading 0 native plugins for Editor in 0.00 ms.
Invoked RoslynAnalysisRunner static constructor.
RoslynAnalysisRunner will not be running.
RoslynAnalysisRunner has terminated.
Mono: successfully reloaded assembly
- Completed reload, in  0.972 seconds
Platform modules already initialized, skipping
Refreshing native plugins compatible for Editor in 0.56 ms, found 1 plugins.
Preloading 0 native plugins for Editor in 0.00 ms.
Unloading 1997 Unused Serialized files (Serialized files now loaded: 0)
System memory in use before: 98.1 MB.
System memory in use after: 97.6 MB.

Unloading 25 unused Assets to reduce memory usage. Loaded Objects now: 2505.
Total: 2.739400 ms (FindLiveObjects: 0.205800 ms CreateObjectMapping: 0.090600 ms MarkObjects: 2.070400 ms  DeleteObjects: 0.371400 ms)

========================================================================
Received Prepare
Registering precompiled user dll's ...
Registered in 0.000908 seconds.
Begin MonoManager ReloadAssembly
Native extension for WindowsStandalone target not found
Refreshing native plugins compatible for Editor in 0.37 ms, found 1 plugins.
Preloading 0 native plugins for Editor in 0.00 ms.
Invoked RoslynAnalysisRunner static constructor.
RoslynAnalysisRunner will not be running.
RoslynAnalysisRunner has terminated.
Mono: successfully reloaded assembly
- Completed reload, in  0.819 seconds
Platform modules already initialized, skipping
Refreshing native plugins compatible for Editor in 0.34 ms, found 1 plugins.
Preloading 0 native plugins for Editor in 0.00 ms.
Unloading 1997 Unused Serialized files (Serialized files now loaded: 0)
System memory in use before: 98.1 MB.
System memory in use after: 97.6 MB.

Unloading 25 unused Assets to reduce memory usage. Loaded Objects now: 2508.
Total: 2.367900 ms (FindLiveObjects: 0.178700 ms CreateObjectMapping: 0.064000 ms MarkObjects: 1.805600 ms  DeleteObjects: 0.319000 ms)

========================================================================
Received Prepare
Registering precompiled user dll's ...
Registered in 0.000772 seconds.
Begin MonoManager ReloadAssembly
Native extension for WindowsStandalone target not found
Refreshing native plugins compatible for Editor in 0.36 ms, found 1 plugins.
Preloading 0 native plugins for Editor in 0.00 ms.
Invoked RoslynAnalysisRunner static constructor.
RoslynAnalysisRunner will not be running.
RoslynAnalysisRunner has terminated.
Mono: successfully reloaded assembly
- Completed reload, in  0.836 seconds
Platform modules already initialized, skipping
Refreshing native plugins compatible for Editor in 0.37 ms, found 1 plugins.
Preloading 0 native plugins for Editor in 0.00 ms.
Unloading 1997 Unused Serialized files (Serialized files now loaded: 0)
System memory in use before: 98.2 MB.
System memory in use after: 97.6 MB.

Unloading 25 unused Assets to reduce memory usage. Loaded Objects now: 2511.
Total: 2.435400 ms (FindLiveObjects: 0.250200 ms CreateObjectMapping: 0.068500 ms MarkObjects: 1.768200 ms  DeleteObjects: 0.347400 ms)

========================================================================
Received Prepare
Registering precompiled user dll's ...
Registered in 0.000750 seconds.
Begin MonoManager ReloadAssembly
Native extension for WindowsStandalone target not found
Refreshing native plugins compatible for Editor in 0.36 ms, found 1 plugins.
Preloading 0 native plugins for Editor in 0.00 ms.
Invoked RoslynAnalysisRunner static constructor.
RoslynAnalysisRunner will not be running.
RoslynAnalysisRunner has terminated.
Mono: successfully reloaded assembly
- Completed reload, in  0.795 seconds
Platform modules already initialized, skipping
Refreshing native plugins compatible for Editor in 0.36 ms, found 1 plugins.
Preloading 0 native plugins for Editor in 0.00 ms.
Unloading 1997 Unused Serialized files (Serialized files now loaded: 0)
System memory in use before: 98.2 MB.
System memory in use after: 97.6 MB.

Unloading 25 unused Assets to reduce memory usage. Loaded Objects now: 2514.
Total: 2.207000 ms (FindLiveObjects: 0.213700 ms CreateObjectMapping: 0.088100 ms MarkObjects: 1.570900 ms  DeleteObjects: 0.333700 ms)

========================================================================
Received Prepare
Registering precompiled user dll's ...
Registered in 0.000766 seconds.
Begin MonoManager ReloadAssembly
Native extension for WindowsStandalone target not found
Refreshing native plugins compatible for Editor in 0.35 ms, found 1 plugins.
Preloading 0 native plugins for Editor in 0.00 ms.
Invoked RoslynAnalysisRunner static constructor.
RoslynAnalysisRunner will not be running.
RoslynAnalysisRunner has terminated.
Mono: successfully reloaded assembly
- Completed reload, in  0.767 seconds
Platform modules already initialized, skipping
Refreshing native plugins compatible for Editor in 0.39 ms, found 1 plugins.
Preloading 0 native plugins for Editor in 0.00 ms.
Unloading 1997 Unused Serialized files (Serialized files now loaded: 0)
System memory in use before: 98.2 MB.
System memory in use after: 97.6 MB.

Unloading 25 unused Assets to reduce memory usage. Loaded Objects now: 2517.
Total: 2.409200 ms (FindLiveObjects: 0.169800 ms CreateObjectMapping: 0.068300 ms MarkObjects: 1.835400 ms  DeleteObjects: 0.334700 ms)

========================================================================
Received Prepare
Registering precompiled user dll's ...
Registered in 0.000749 seconds.
Begin MonoManager ReloadAssembly
Native extension for WindowsStandalone target not found
Refreshing native plugins compatible for Editor in 0.36 ms, found 1 plugins.
Preloading 0 native plugins for Editor in 0.00 ms.
Invoked RoslynAnalysisRunner static constructor.
RoslynAnalysisRunner will not be running.
RoslynAnalysisRunner has terminated.
Mono: successfully reloaded assembly
- Completed reload, in  0.761 seconds
Platform modules already initialized, skipping
Refreshing native plugins compatible for Editor in 0.35 ms, found 1 plugins.
Preloading 0 native plugins for Editor in 0.00 ms.
Unloading 1997 Unused Serialized files (Serialized files now loaded: 0)
System memory in use before: 98.2 MB.
System memory in use after: 97.6 MB.

Unloading 25 unused Assets to reduce memory usage. Loaded Objects now: 2520.
Total: 2.207000 ms (FindLiveObjects: 0.189100 ms CreateObjectMapping: 0.073900 ms MarkObjects: 1.606000 ms  DeleteObjects: 0.337200 ms)

========================================================================
Received Prepare
Registering precompiled user dll's ...
Registered in 0.000753 seconds.
Begin MonoManager ReloadAssembly
Native extension for WindowsStandalone target not found
Refreshing native plugins compatible for Editor in 0.36 ms, found 1 plugins.
Preloading 0 native plugins for Editor in 0.00 ms.
Invoked RoslynAnalysisRunner static constructor.
RoslynAnalysisRunner will not be running.
RoslynAnalysisRunner has terminated.
Mono: successfully reloaded assembly
- Completed reload, in  0.763 seconds
Platform modules already initialized, skipping
Refreshing native plugins compatible for Editor in 0.34 ms, found 1 plugins.
Preloading 0 native plugins for Editor in 0.00 ms.
Unloading 1997 Unused Serialized files (Serialized files now loaded: 0)
System memory in use before: 98.2 MB.
System memory in use after: 97.6 MB.

Unloading 25 unused Assets to reduce memory usage. Loaded Objects now: 2523.
Total: 2.314200 ms (FindLiveObjects: 0.190100 ms CreateObjectMapping: 0.076300 ms MarkObjects: 1.697200 ms  DeleteObjects: 0.349800 ms)

AssetImportWorkerClient::OnTransportError - code=2 error=End of file
