Using pre-set license
Built from '2020.2/release' branch; Version is '2020.2.4f1 (becced5a802b) revision 12504301'; Using compiler version '192528614'; Build Type 'Release'
OS: 'Windows 10 Pro; OS build 19042.928; Version 2009; 64bit' Language: 'zh' Physical Memory: 49062 MB
BatchMode: 1, IsHumanControllingUs: 0, StartBugReporterOnCrash: 0, Is64bit: 1, IsPro: 0

 COMMAND LINE ARGUMENTS:
C:\Program Files\Unity\Hub\Editor\2020.2.4f1\Editor\Unity.exe
-adb2
-batchMode
-noUpm
-name
AssetImportWorker0
-projectPath
C:/Users/jiayu/Documents/GitHub/GameDesign/ass4gd007
-logFile
Logs/AssetImportWorker0.log
-srvPort
63458
Successfully changed project path to: C:/Users/jiayu/Documents/GitHub/GameDesign/ass4gd007
C:/Users/jiayu/Documents/GitHub/GameDesign/ass4gd007
Using Asset Import Pipeline V2.
Refreshing native plugins compatible for Editor in 32.81 ms, found 1 plugins.
Preloading 0 native plugins for Editor in 0.00 ms.
Initialize engine version: 2020.2.4f1 (becced5a802b)
[Subsystems] Discovering subsystems at path C:/Program Files/Unity/Hub/Editor/2020.2.4f1/Editor/Data/Resources/UnitySubsystems
[Subsystems] Discovering subsystems at path C:/Users/jiayu/Documents/GitHub/GameDesign/ass4gd007/Assets
GfxDevice: creating device client; threaded=0
Direct3D:
    Version:  Direct3D 11.0 [level 11.1]
    Renderer: NVIDIA GeForce RTX 2080 Ti (ID=0x1e07)
    Vendor:   
    VRAM:     11048 MB
    Driver:   27.21.14.6192
Initialize mono
Mono path[0] = 'C:/Program Files/Unity/Hub/Editor/2020.2.4f1/Editor/Data/Managed'
Mono path[1] = 'C:/Program Files/Unity/Hub/Editor/2020.2.4f1/Editor/Data/MonoBleedingEdge/lib/mono/unityjit'
Mono config path = 'C:/Program Files/Unity/Hub/Editor/2020.2.4f1/Editor/Data/MonoBleedingEdge/etc'
Using monoOptions --debugger-agent=transport=dt_socket,embedding=1,server=y,suspend=n,address=127.0.0.1:56788
Begin MonoManager ReloadAssembly
Registering precompiled unity dll's ...
Register platform support module: C:/Program Files/Unity/Hub/Editor/2020.2.4f1/Editor/Data/PlaybackEngines/WindowsStandaloneSupport/UnityEditor.WindowsStandalone.Extensions.dll
Registered in 0.001857 seconds.
Native extension for WindowsStandalone target not found
Refreshing native plugins compatible for Editor in 31.61 ms, found 1 plugins.
Preloading 0 native plugins for Editor in 0.00 ms.
Invoked RoslynAnalysisRunner static constructor.
RoslynAnalysisRunner will not be running.
RoslynAnalysisRunner has terminated.
Mono: successfully reloaded assembly
- Completed reload, in  0.916 seconds
Platform modules already initialized, skipping
Registering precompiled user dll's ...
Registered in 0.000957 seconds.
Begin MonoManager ReloadAssembly
Native extension for WindowsStandalone target not found
Refreshing native plugins compatible for Editor in 32.61 ms, found 1 plugins.
Preloading 0 native plugins for Editor in 0.00 ms.
Invoked RoslynAnalysisRunner static constructor.
RoslynAnalysisRunner will not be running.
RoslynAnalysisRunner has terminated.
Mono: successfully reloaded assembly
- Completed reload, in  0.778 seconds
Platform modules already initialized, skipping
========================================================================
Worker process is ready to serve import requests
Launched and connected shader compiler UnityShaderCompiler.exe after 0.05 seconds
Refreshing native plugins compatible for Editor in 0.53 ms, found 1 plugins.
Preloading 0 native plugins for Editor in 0.00 ms.
Unloading 1797 Unused Serialized files (Serialized files now loaded: 0)
System memory in use before: 86.8 MB.
System memory in use after: 86.7 MB.

Unloading 24 unused Assets to reduce memory usage. Loaded Objects now: 2238.
Total: 2.319700 ms (FindLiveObjects: 0.225900 ms CreateObjectMapping: 0.040700 ms MarkObjects: 1.914600 ms  DeleteObjects: 0.137100 ms)

========================================================================
Received Import Request.
  path: Assets/Tilemap/Level1/material/water_edge_4.asset
  artifactKey: Guid(871e27dd00b9cf54a80abfb9a9af0491) Importer(815301076,1909f56bfc062723c751e8b465ee728b)
Start importing Assets/Tilemap/Level1/material/water_edge_4.asset using Guid(871e27dd00b9cf54a80abfb9a9af0491) Importer(815301076,1909f56bfc062723c751e8b465ee728b)  -> (artifact id: '8b07ad3988077403374ea88075575ca5') in 0.071687 seconds
  Import took 0.074506 seconds .

========================================================================
Received Import Request.
  Time since last request: 0.000157 seconds.
  path: Assets/Tilemap/Level1/material/water_edge_1.asset
  artifactKey: Guid(163b6c6fa774cb44a9e6fe6dbeb765cf) Importer(815301076,1909f56bfc062723c751e8b465ee728b)
Start importing Assets/Tilemap/Level1/material/water_edge_1.asset using Guid(163b6c6fa774cb44a9e6fe6dbeb765cf) Importer(815301076,1909f56bfc062723c751e8b465ee728b)  -> (artifact id: '86e1a04545ce189bf5f18be9bebd7f15') in 0.006944 seconds
  Import took 0.009281 seconds .

========================================================================
Received Import Request.
  Time since last request: 0.000155 seconds.
  path: Assets/Tilemap/Level1/material/water_edge_3.asset
  artifactKey: Guid(93c9fe76a86f7e549b54e406186d2291) Importer(815301076,1909f56bfc062723c751e8b465ee728b)
Start importing Assets/Tilemap/Level1/material/water_edge_3.asset using Guid(93c9fe76a86f7e549b54e406186d2291) Importer(815301076,1909f56bfc062723c751e8b465ee728b)  -> (artifact id: 'fd3fc9e0042dedbc8f56db188a323815') in 0.008016 seconds
  Import took 0.010337 seconds .

========================================================================
Received Import Request.
  Time since last request: 0.000148 seconds.
  path: Assets/Tilemap/Level1/material/grass_corn_2.asset
  artifactKey: Guid(986d2c6c5e72ddc43a54e4fcf30663d4) Importer(815301076,1909f56bfc062723c751e8b465ee728b)
Start importing Assets/Tilemap/Level1/material/grass_corn_2.asset using Guid(986d2c6c5e72ddc43a54e4fcf30663d4) Importer(815301076,1909f56bfc062723c751e8b465ee728b)  -> (artifact id: 'b2101c76a6508039d0b7070c9f5464b1') in 0.005915 seconds
  Import took 0.008495 seconds .

========================================================================
Received Import Request.
  Time since last request: 0.000223 seconds.
  path: Assets/Tilemap/Level1/material/water_corn_3.asset
  artifactKey: Guid(737ceb8ee2901a6488bc793c1e46580a) Importer(815301076,1909f56bfc062723c751e8b465ee728b)
Start importing Assets/Tilemap/Level1/material/water_corn_3.asset using Guid(737ceb8ee2901a6488bc793c1e46580a) Importer(815301076,1909f56bfc062723c751e8b465ee728b)  -> (artifact id: '60fb4bc45a993d7f2dd8841d809f1236') in 0.005308 seconds
  Import took 0.008013 seconds .

========================================================================
Received Import Request.
  Time since last request: 0.000222 seconds.
  path: Assets/Tilemap/Level1/material/water_corn_1.asset
  artifactKey: Guid(07ddebbd781669e468192294ab77aa46) Importer(815301076,1909f56bfc062723c751e8b465ee728b)
Start importing Assets/Tilemap/Level1/material/water_corn_1.asset using Guid(07ddebbd781669e468192294ab77aa46) Importer(815301076,1909f56bfc062723c751e8b465ee728b)  -> (artifact id: '69133a366855d117ec8385a5dbfc60be') in 0.005996 seconds
  Import took 0.008853 seconds .

========================================================================
Received Import Request.
  Time since last request: 0.000193 seconds.
  path: Assets/Tilemap/Level1/material/water_corn_2.asset
  artifactKey: Guid(1fd8dcf1d1465d0419c681aeb9e1f2db) Importer(815301076,1909f56bfc062723c751e8b465ee728b)
Start importing Assets/Tilemap/Level1/material/water_corn_2.asset using Guid(1fd8dcf1d1465d0419c681aeb9e1f2db) Importer(815301076,1909f56bfc062723c751e8b465ee728b)  -> (artifact id: '75afdef93572ceaff2bd05c15ae1859d') in 0.005397 seconds
  Import took 0.008183 seconds .

========================================================================
Received Import Request.
  Time since last request: 0.000232 seconds.
  path: Assets/Tilemap/Level1/material/grass_corn_4.asset
  artifactKey: Guid(5b2688cad217c9f42bf1e54fc82b41d8) Importer(815301076,1909f56bfc062723c751e8b465ee728b)
Start importing Assets/Tilemap/Level1/material/grass_corn_4.asset using Guid(5b2688cad217c9f42bf1e54fc82b41d8) Importer(815301076,1909f56bfc062723c751e8b465ee728b)  -> (artifact id: '3974a2273a031c8f386726a96bea6448') in 0.005241 seconds
  Import took 0.007786 seconds .

========================================================================
Received Import Request.
  Time since last request: 0.000220 seconds.
  path: Assets/Tilemap/Level1/material/water_edge_2.asset
  artifactKey: Guid(bcb7a36a37c99d1458dec396d11a076d) Importer(815301076,1909f56bfc062723c751e8b465ee728b)
Start importing Assets/Tilemap/Level1/material/water_edge_2.asset using Guid(bcb7a36a37c99d1458dec396d11a076d) Importer(815301076,1909f56bfc062723c751e8b465ee728b)  -> (artifact id: 'b8812af6687afa87cf3dcfa3f3a380c4') in 0.005269 seconds
  Import took 0.007798 seconds .

========================================================================
Received Import Request.
  Time since last request: 0.000196 seconds.
  path: Assets/Tilemap/Level1/material/grass_corn_1.asset
  artifactKey: Guid(b688b5b857cf67e40aab5495f9a6cf76) Importer(815301076,1909f56bfc062723c751e8b465ee728b)
Start importing Assets/Tilemap/Level1/material/grass_corn_1.asset using Guid(b688b5b857cf67e40aab5495f9a6cf76) Importer(815301076,1909f56bfc062723c751e8b465ee728b)  -> (artifact id: '96945966754152f93ae3b9fee9810da0') in 0.005872 seconds
  Import took 0.008567 seconds .

========================================================================
Received Import Request.
  Time since last request: 6.772593 seconds.
  path: Assets/Tilemap/Level1/material/png/grass_both_1.png
  artifactKey: Guid(4328ec8a7bea8ab47bcb4823c4afdc2b) Importer(815301076,1909f56bfc062723c751e8b465ee728b)
Start importing Assets/Tilemap/Level1/material/png/grass_both_1.png using Guid(4328ec8a7bea8ab47bcb4823c4afdc2b) Importer(815301076,1909f56bfc062723c751e8b465ee728b)  -> (artifact id: '76ffce34937ea43998cc57fbe093c60b') in 0.057019 seconds
  Import took 0.059924 seconds .

========================================================================
Received Import Request.
  Time since last request: 0.000202 seconds.
  path: Assets/Tilemap/Level1/material/png/grass_both_2.png
  artifactKey: Guid(3093bc5c3da66c24cacc05c4ffd3b7ad) Importer(815301076,1909f56bfc062723c751e8b465ee728b)
Start importing Assets/Tilemap/Level1/material/png/grass_both_2.png using Guid(3093bc5c3da66c24cacc05c4ffd3b7ad) Importer(815301076,1909f56bfc062723c751e8b465ee728b)  -> (artifact id: 'f3dd27e2cec7a0bcd52235d9777c5544') in 0.007800 seconds
  Import took 0.010450 seconds .

========================================================================
Received Import Request.
  Time since last request: 0.000187 seconds.
  path: Assets/Tilemap/Level1/material/png/grass_both_corn_6.png
  artifactKey: Guid(8980927a1c2e25542b7bfcc760ec0a77) Importer(815301076,1909f56bfc062723c751e8b465ee728b)
Start importing Assets/Tilemap/Level1/material/png/grass_both_corn_6.png using Guid(8980927a1c2e25542b7bfcc760ec0a77) Importer(815301076,1909f56bfc062723c751e8b465ee728b)  -> (artifact id: '7eb532bfe662400c4a3e04e96cbde50d') in 0.009155 seconds
  Import took 0.011830 seconds .

========================================================================
Received Import Request.
  Time since last request: 0.000175 seconds.
  path: Assets/Tilemap/Level1/material/png/grass_both_corn_8.png
  artifactKey: Guid(07519a9f926cac64babfe24d5e3ae6de) Importer(815301076,1909f56bfc062723c751e8b465ee728b)
Start importing Assets/Tilemap/Level1/material/png/grass_both_corn_8.png using Guid(07519a9f926cac64babfe24d5e3ae6de) Importer(815301076,1909f56bfc062723c751e8b465ee728b)  -> (artifact id: '8c7b9fd5c4a269050db87cb02436355f') in 0.009009 seconds
  Import took 0.011810 seconds .

========================================================================
Received Import Request.
  Time since last request: 0.000205 seconds.
  path: Assets/Tilemap/Level1/material/png/grass_both_corn_9.png
  artifactKey: Guid(c8872ed339cd45641acf4393c174d430) Importer(815301076,1909f56bfc062723c751e8b465ee728b)
Start importing Assets/Tilemap/Level1/material/png/grass_both_corn_9.png using Guid(c8872ed339cd45641acf4393c174d430) Importer(815301076,1909f56bfc062723c751e8b465ee728b)  -> (artifact id: '941bb7f287a13b6b1bd19d337ca59080') in 0.008621 seconds
  Import took 0.011233 seconds .

========================================================================
Received Import Request.
  Time since last request: 0.000235 seconds.
  path: Assets/Tilemap/Level1/material/png/grass_both_corn_3.png
  artifactKey: Guid(accd022c8ba83094e955e769ff17269e) Importer(815301076,1909f56bfc062723c751e8b465ee728b)
Start importing Assets/Tilemap/Level1/material/png/grass_both_corn_3.png using Guid(accd022c8ba83094e955e769ff17269e) Importer(815301076,1909f56bfc062723c751e8b465ee728b)  -> (artifact id: 'a5de3835aad80067c896c46bf07c1c41') in 0.007982 seconds
  Import took 0.010876 seconds .

========================================================================
Received Import Request.
  Time since last request: 0.000168 seconds.
  path: Assets/Tilemap/Level1/material/png/grass_both_corn_4.png
  artifactKey: Guid(5d953046018d8cd489dbbd3b81d12489) Importer(815301076,1909f56bfc062723c751e8b465ee728b)
Start importing Assets/Tilemap/Level1/material/png/grass_both_corn_4.png using Guid(5d953046018d8cd489dbbd3b81d12489) Importer(815301076,1909f56bfc062723c751e8b465ee728b)  -> (artifact id: '0b90113bc720aab4399587ba8d51fd09') in 0.007005 seconds
  Import took 0.009324 seconds .

========================================================================
Received Import Request.
  Time since last request: 0.000176 seconds.
  path: Assets/Tilemap/Level1/material/png/grass_both_corn_1.png
  artifactKey: Guid(5d45a33f7b6daa448b047bfdf2655aad) Importer(815301076,1909f56bfc062723c751e8b465ee728b)
Start importing Assets/Tilemap/Level1/material/png/grass_both_corn_1.png using Guid(5d45a33f7b6daa448b047bfdf2655aad) Importer(815301076,1909f56bfc062723c751e8b465ee728b)  -> (artifact id: '64a2998153f11af97567075efb0703d0') in 0.007127 seconds
  Import took 0.009458 seconds .

========================================================================
Received Import Request.
  Time since last request: 0.000159 seconds.
  path: Assets/Tilemap/Level1/material/png/grass_both_corn_5.png
  artifactKey: Guid(2f1d489b139e0274386cfb899bda7ea0) Importer(815301076,1909f56bfc062723c751e8b465ee728b)
Start importing Assets/Tilemap/Level1/material/png/grass_both_corn_5.png using Guid(2f1d489b139e0274386cfb899bda7ea0) Importer(815301076,1909f56bfc062723c751e8b465ee728b)  -> (artifact id: '381121abf0ae75a0e812845d12c406ec') in 0.007030 seconds
  Import took 0.009561 seconds .

========================================================================
Received Import Request.
  Time since last request: 0.000183 seconds.
  path: Assets/Tilemap/Level1/material/png/grass_both_corn_2.png
  artifactKey: Guid(0fdaf97a9c7eacb4697f08e7b2064af5) Importer(815301076,1909f56bfc062723c751e8b465ee728b)
Start importing Assets/Tilemap/Level1/material/png/grass_both_corn_2.png using Guid(0fdaf97a9c7eacb4697f08e7b2064af5) Importer(815301076,1909f56bfc062723c751e8b465ee728b)  -> (artifact id: '08965bfd04ac062a9f60b9c40ac651d8') in 0.007938 seconds
  Import took 0.010532 seconds .

========================================================================
Received Import Request.
  Time since last request: 0.000170 seconds.
  path: Assets/Tilemap/Level1/material/png/grass_both_corn_7.png
  artifactKey: Guid(d618f0c9413619a41af4252950f8ad33) Importer(815301076,1909f56bfc062723c751e8b465ee728b)
Start importing Assets/Tilemap/Level1/material/png/grass_both_corn_7.png using Guid(d618f0c9413619a41af4252950f8ad33) Importer(815301076,1909f56bfc062723c751e8b465ee728b)  -> (artifact id: 'c3b431dba7c8252b82470b6bf31d54f0') in 0.007310 seconds
  Import took 0.009878 seconds .

========================================================================
Received Import Request.
  Time since last request: 12.931083 seconds.
  path: Assets/Tilemap/Level1/material/png/grass_both_1.png
  artifactKey: Guid(4328ec8a7bea8ab47bcb4823c4afdc2b) Importer(815301076,1909f56bfc062723c751e8b465ee728b)
Start importing Assets/Tilemap/Level1/material/png/grass_both_1.png using Guid(4328ec8a7bea8ab47bcb4823c4afdc2b) Importer(815301076,1909f56bfc062723c751e8b465ee728b)  -> (artifact id: '735b9ba03b2d1fe29f4485594ee0bd00') in 0.009692 seconds
  Import took 0.012515 seconds .

========================================================================
Received Import Request.
  Time since last request: 0.000204 seconds.
  path: Assets/Tilemap/Level1/material/png/grass_both_2.png
  artifactKey: Guid(3093bc5c3da66c24cacc05c4ffd3b7ad) Importer(815301076,1909f56bfc062723c751e8b465ee728b)
Start importing Assets/Tilemap/Level1/material/png/grass_both_2.png using Guid(3093bc5c3da66c24cacc05c4ffd3b7ad) Importer(815301076,1909f56bfc062723c751e8b465ee728b)  -> (artifact id: '1319458952797f22c384b8cb46e108a6') in 0.006777 seconds
  Import took 0.009131 seconds .

========================================================================
Received Import Request.
  Time since last request: 0.000160 seconds.
  path: Assets/Tilemap/Level1/material/png/grass_both_corn_6.png
  artifactKey: Guid(8980927a1c2e25542b7bfcc760ec0a77) Importer(815301076,1909f56bfc062723c751e8b465ee728b)
Start importing Assets/Tilemap/Level1/material/png/grass_both_corn_6.png using Guid(8980927a1c2e25542b7bfcc760ec0a77) Importer(815301076,1909f56bfc062723c751e8b465ee728b)  -> (artifact id: 'f5c30565a1494d2479acea4d3be40e49') in 0.007598 seconds
  Import took 0.009893 seconds .

========================================================================
Received Import Request.
  Time since last request: 0.000160 seconds.
  path: Assets/Tilemap/Level1/material/png/grass_both_corn_8.png
  artifactKey: Guid(07519a9f926cac64babfe24d5e3ae6de) Importer(815301076,1909f56bfc062723c751e8b465ee728b)
Start importing Assets/Tilemap/Level1/material/png/grass_both_corn_8.png using Guid(07519a9f926cac64babfe24d5e3ae6de) Importer(815301076,1909f56bfc062723c751e8b465ee728b)  -> (artifact id: 'e984bace897a064fa6f2e30819c60819') in 0.006420 seconds
  Import took 0.008757 seconds .

========================================================================
Received Import Request.
  Time since last request: 0.000144 seconds.
  path: Assets/Tilemap/Level1/material/png/grass_both_corn_9.png
  artifactKey: Guid(c8872ed339cd45641acf4393c174d430) Importer(815301076,1909f56bfc062723c751e8b465ee728b)
Start importing Assets/Tilemap/Level1/material/png/grass_both_corn_9.png using Guid(c8872ed339cd45641acf4393c174d430) Importer(815301076,1909f56bfc062723c751e8b465ee728b)  -> (artifact id: '95ef6cb53758c546f2f3c60cf60bd02b') in 0.007512 seconds
  Import took 0.010109 seconds .

========================================================================
Received Import Request.
  Time since last request: 0.000178 seconds.
  path: Assets/Tilemap/Level1/material/png/grass_both_corn_3.png
  artifactKey: Guid(accd022c8ba83094e955e769ff17269e) Importer(815301076,1909f56bfc062723c751e8b465ee728b)
Start importing Assets/Tilemap/Level1/material/png/grass_both_corn_3.png using Guid(accd022c8ba83094e955e769ff17269e) Importer(815301076,1909f56bfc062723c751e8b465ee728b)  -> (artifact id: 'b6f58704284aa75b556b7624e405966a') in 0.007315 seconds
  Import took 0.010130 seconds .

========================================================================
Received Import Request.
  Time since last request: 0.000182 seconds.
  path: Assets/Tilemap/Level1/material/png/grass_both_corn_4.png
  artifactKey: Guid(5d953046018d8cd489dbbd3b81d12489) Importer(815301076,1909f56bfc062723c751e8b465ee728b)
Start importing Assets/Tilemap/Level1/material/png/grass_both_corn_4.png using Guid(5d953046018d8cd489dbbd3b81d12489) Importer(815301076,1909f56bfc062723c751e8b465ee728b)  -> (artifact id: 'eeab6d71fa8093541f0bf79d66562ddf') in 0.006848 seconds
  Import took 0.009489 seconds .

========================================================================
Received Import Request.
  Time since last request: 0.000195 seconds.
  path: Assets/Tilemap/Level1/material/png/grass_both_corn_1.png
  artifactKey: Guid(5d45a33f7b6daa448b047bfdf2655aad) Importer(815301076,1909f56bfc062723c751e8b465ee728b)
Start importing Assets/Tilemap/Level1/material/png/grass_both_corn_1.png using Guid(5d45a33f7b6daa448b047bfdf2655aad) Importer(815301076,1909f56bfc062723c751e8b465ee728b)  -> (artifact id: '59ffaabb9d82a42611444c63d266a0ef') in 0.008030 seconds
  Import took 0.010926 seconds .

========================================================================
Received Import Request.
  Time since last request: 0.000182 seconds.
  path: Assets/Tilemap/Level1/material/png/grass_both_corn_5.png
  artifactKey: Guid(2f1d489b139e0274386cfb899bda7ea0) Importer(815301076,1909f56bfc062723c751e8b465ee728b)
Start importing Assets/Tilemap/Level1/material/png/grass_both_corn_5.png using Guid(2f1d489b139e0274386cfb899bda7ea0) Importer(815301076,1909f56bfc062723c751e8b465ee728b)  -> (artifact id: '3990aa9fee4271f6eed7f55a3e497815') in 0.007705 seconds
  Import took 0.010473 seconds .

========================================================================
Received Import Request.
  Time since last request: 0.000156 seconds.
  path: Assets/Tilemap/Level1/material/png/grass_both_corn_2.png
  artifactKey: Guid(0fdaf97a9c7eacb4697f08e7b2064af5) Importer(815301076,1909f56bfc062723c751e8b465ee728b)
Start importing Assets/Tilemap/Level1/material/png/grass_both_corn_2.png using Guid(0fdaf97a9c7eacb4697f08e7b2064af5) Importer(815301076,1909f56bfc062723c751e8b465ee728b)  -> (artifact id: '762fb04596531c413c71031e12922203') in 0.006692 seconds
  Import took 0.009170 seconds .

========================================================================
Received Import Request.
  Time since last request: 0.000168 seconds.
  path: Assets/Tilemap/Level1/material/png/grass_both_corn_7.png
  artifactKey: Guid(d618f0c9413619a41af4252950f8ad33) Importer(815301076,1909f56bfc062723c751e8b465ee728b)
Start importing Assets/Tilemap/Level1/material/png/grass_both_corn_7.png using Guid(d618f0c9413619a41af4252950f8ad33) Importer(815301076,1909f56bfc062723c751e8b465ee728b)  -> (artifact id: '39068ce25fe95740bdbbe8d87de841e9') in 0.007075 seconds
  Import took 0.009579 seconds .

========================================================================
Received Import Request.
  Time since last request: 23502.982173 seconds.
  path: Assets/Tilemap/Level1/material/grass_both_1.asset
  artifactKey: Guid(b77561c45f6a6c944b6b3b189b092c51) Importer(815301076,1909f56bfc062723c751e8b465ee728b)
Start importing Assets/Tilemap/Level1/material/grass_both_1.asset using Guid(b77561c45f6a6c944b6b3b189b092c51) Importer(815301076,1909f56bfc062723c751e8b465ee728b)  -> (artifact id: '7784dfd3052530324e04a115c5e6e759') in 0.006722 seconds
  Import took 0.009796 seconds .

========================================================================
Received Import Request.
  Time since last request: 0.000199 seconds.
  path: Assets/Tilemap/Level1/material/grass_both_corn_7.asset
  artifactKey: Guid(deee809810e394249a4c273df872bd13) Importer(815301076,1909f56bfc062723c751e8b465ee728b)
Start importing Assets/Tilemap/Level1/material/grass_both_corn_7.asset using Guid(deee809810e394249a4c273df872bd13) Importer(815301076,1909f56bfc062723c751e8b465ee728b)  -> (artifact id: '52edaec2aa3ee6b68edc765ba01708f3') in 0.005764 seconds
  Import took 0.008140 seconds .

========================================================================
Received Import Request.
  Time since last request: 0.000137 seconds.
  path: Assets/Tilemap/Level1/material/grass_both_corn_5.asset
  artifactKey: Guid(f65dd089e598f2246b2ae5b950a4a2d6) Importer(815301076,1909f56bfc062723c751e8b465ee728b)
Start importing Assets/Tilemap/Level1/material/grass_both_corn_5.asset using Guid(f65dd089e598f2246b2ae5b950a4a2d6) Importer(815301076,1909f56bfc062723c751e8b465ee728b)  -> (artifact id: 'faf3338a669f515c7eda6819651edc30') in 0.005618 seconds
  Import took 0.007907 seconds .

========================================================================
Received Import Request.
  Time since last request: 0.000179 seconds.
  path: Assets/Tilemap/Level1/material/grass_both_corn_1.asset
  artifactKey: Guid(3e7750ca52b4b894ab6fae6e115753f6) Importer(815301076,1909f56bfc062723c751e8b465ee728b)
Start importing Assets/Tilemap/Level1/material/grass_both_corn_1.asset using Guid(3e7750ca52b4b894ab6fae6e115753f6) Importer(815301076,1909f56bfc062723c751e8b465ee728b)  -> (artifact id: 'a37d14f77b277918386893b091f984e0') in 0.005771 seconds
  Import took 0.008162 seconds .

========================================================================
Received Import Request.
  Time since last request: 0.000181 seconds.
  path: Assets/Tilemap/Level1/material/grass_both_2.asset
  artifactKey: Guid(b00ec0dfdc322ac42ab61c1a3a03eb98) Importer(815301076,1909f56bfc062723c751e8b465ee728b)
Start importing Assets/Tilemap/Level1/material/grass_both_2.asset using Guid(b00ec0dfdc322ac42ab61c1a3a03eb98) Importer(815301076,1909f56bfc062723c751e8b465ee728b)  -> (artifact id: '07c8ab372689cc0becbbf381e3f14ef8') in 0.005683 seconds
  Import took 0.008181 seconds .

========================================================================
Received Import Request.
  Time since last request: 0.000345 seconds.
  path: Assets/Tilemap/Level1/material/grass_both_corn_6.asset
  artifactKey: Guid(610a476daa88aca4f996669bf911b55a) Importer(815301076,1909f56bfc062723c751e8b465ee728b)
Start importing Assets/Tilemap/Level1/material/grass_both_corn_6.asset using Guid(610a476daa88aca4f996669bf911b55a) Importer(815301076,1909f56bfc062723c751e8b465ee728b)  -> (artifact id: '6c4950184415a9bda51d8de417086601') in 0.006321 seconds
  Import took 0.009107 seconds .

========================================================================
Received Import Request.
  Time since last request: 0.000152 seconds.
  path: Assets/Tilemap/Level1/material/grass_both_corn_3.asset
  artifactKey: Guid(e6e6ef2b8e1d35e4a8ff2b2b9d6f8afa) Importer(815301076,1909f56bfc062723c751e8b465ee728b)
Start importing Assets/Tilemap/Level1/material/grass_both_corn_3.asset using Guid(e6e6ef2b8e1d35e4a8ff2b2b9d6f8afa) Importer(815301076,1909f56bfc062723c751e8b465ee728b)  -> (artifact id: 'b9e6cc5c26f7047d834ce2c68abd3732') in 0.005918 seconds
  Import took 0.008196 seconds .

========================================================================
Received Import Request.
  Time since last request: 0.000171 seconds.
  path: Assets/Tilemap/Level1/material/grass_both_corn_2.asset
  artifactKey: Guid(620e4342b34ea7243b40647724939661) Importer(815301076,1909f56bfc062723c751e8b465ee728b)
Start importing Assets/Tilemap/Level1/material/grass_both_corn_2.asset using Guid(620e4342b34ea7243b40647724939661) Importer(815301076,1909f56bfc062723c751e8b465ee728b)  -> (artifact id: '3caf0454bd4a8e70242918fd28d81bbc') in 0.006130 seconds
  Import took 0.008729 seconds .

========================================================================
Received Import Request.
  Time since last request: 0.000138 seconds.
  path: Assets/Tilemap/Level1/material/grass_both_corn_4.asset
  artifactKey: Guid(233a7c1d24f021b43804f443b8c6049d) Importer(815301076,1909f56bfc062723c751e8b465ee728b)
Start importing Assets/Tilemap/Level1/material/grass_both_corn_4.asset using Guid(233a7c1d24f021b43804f443b8c6049d) Importer(815301076,1909f56bfc062723c751e8b465ee728b)  -> (artifact id: '4a19195b799d6edc90cf08a44b06628b') in 0.005606 seconds
  Import took 0.007931 seconds .

========================================================================
Received Import Request.
  Time since last request: 0.000141 seconds.
  path: Assets/Tilemap/Level1/material/grass_both_corn_8.asset
  artifactKey: Guid(54ccb1e8ed596c644804af902b7643ce) Importer(815301076,1909f56bfc062723c751e8b465ee728b)
Start importing Assets/Tilemap/Level1/material/grass_both_corn_8.asset using Guid(54ccb1e8ed596c644804af902b7643ce) Importer(815301076,1909f56bfc062723c751e8b465ee728b)  -> (artifact id: 'cdeefe3359993d22bfa7b9b3c559534a') in 0.005376 seconds
  Import took 0.007817 seconds .

========================================================================
Received Import Request.
  Time since last request: 0.528464 seconds.
  path: Assets/Tilemap/Level1/level1.prefab
  artifactKey: Guid(71c20b38203a0564f81b05989e519df6) Importer(815301076,1909f56bfc062723c751e8b465ee728b)
Start importing Assets/Tilemap/Level1/level1.prefab using Guid(71c20b38203a0564f81b05989e519df6) Importer(815301076,1909f56bfc062723c751e8b465ee728b)  -> (artifact id: '55a3c9d5b960dc853282843e69e6f4d9') in 0.009533 seconds
  Import took 0.012357 seconds .

========================================================================
Received Import Request.
  Time since last request: 13.101912 seconds.
  path: Assets/Raindrop
  artifactKey: Guid(1fc4974757aa1a745bf2883b604dd167) Importer(815301076,1909f56bfc062723c751e8b465ee728b)
Start importing Assets/Raindrop using Guid(1fc4974757aa1a745bf2883b604dd167) Importer(815301076,1909f56bfc062723c751e8b465ee728b)  -> (artifact id: '864d957033da31e08e1c481dda80f265') in 0.002874 seconds
  Import took 0.005585 seconds .

========================================================================
Received Import Request.
  Time since last request: 9088.421999 seconds.
  path: Assets/Raindrop/raindrop.png
  artifactKey: Guid(646511a20d37e4b47a2c7309b0a75ead) Importer(815301076,1909f56bfc062723c751e8b465ee728b)
Start importing Assets/Raindrop/raindrop.png using Guid(646511a20d37e4b47a2c7309b0a75ead) Importer(815301076,1909f56bfc062723c751e8b465ee728b)  -> (artifact id: '80b158e6e20f1c6b035687d48ad259bb') in 0.022118 seconds
  Import took 0.025480 seconds .

========================================================================
Received Import Request.
  Time since last request: 6.922140 seconds.
  path: Assets/Raindrop/raindrop.png
  artifactKey: Guid(646511a20d37e4b47a2c7309b0a75ead) Importer(815301076,1909f56bfc062723c751e8b465ee728b)
Start importing Assets/Raindrop/raindrop.png using Guid(646511a20d37e4b47a2c7309b0a75ead) Importer(815301076,1909f56bfc062723c751e8b465ee728b)  -> (artifact id: 'd5511eb3f02bba94fd9de2a692a3653a') in 0.026604 seconds
  Import took 0.029450 seconds .

========================================================================
Received Import Request.
  Time since last request: 9.670360 seconds.
  path: Assets/Raindrop/raindrop.png
  artifactKey: Guid(646511a20d37e4b47a2c7309b0a75ead) Importer(815301076,1909f56bfc062723c751e8b465ee728b)
Start importing Assets/Raindrop/raindrop.png using Guid(646511a20d37e4b47a2c7309b0a75ead) Importer(815301076,1909f56bfc062723c751e8b465ee728b)  -> (artifact id: 'ffd3046eed800f44f1d9ab5b3e293885') in 0.068654 seconds
  Import took 0.071647 seconds .

========================================================================
Received Import Request.
  Time since last request: 0.092417 seconds.
  path: Assets/Raindrop/raindrop.png
  artifactKey: Guid(646511a20d37e4b47a2c7309b0a75ead) Importer(815301076,1909f56bfc062723c751e8b465ee728b)
Start importing Assets/Raindrop/raindrop.png using Guid(646511a20d37e4b47a2c7309b0a75ead) Importer(815301076,1909f56bfc062723c751e8b465ee728b)  -> (artifact id: 'ffd3046eed800f44f1d9ab5b3e293885') in 0.014134 seconds
  Import took 0.016996 seconds .

========================================================================
Received Import Request.
  Time since last request: 5.654298 seconds.
  path: Assets/Raindrop/raindrop.png
  artifactKey: Guid(646511a20d37e4b47a2c7309b0a75ead) Importer(815301076,1909f56bfc062723c751e8b465ee728b)
Start importing Assets/Raindrop/raindrop.png using Guid(646511a20d37e4b47a2c7309b0a75ead) Importer(815301076,1909f56bfc062723c751e8b465ee728b)  -> (artifact id: '463148e8c4e6a6b00d862ebf7a561788') in 0.011448 seconds
  Import took 0.014336 seconds .

========================================================================
Received Import Request.
  Time since last request: 0.004183 seconds.
  path: Assets/Raindrop/raindrop.png
  artifactKey: Guid(646511a20d37e4b47a2c7309b0a75ead) Importer(815301076,1909f56bfc062723c751e8b465ee728b)
Start importing Assets/Raindrop/raindrop.png using Guid(646511a20d37e4b47a2c7309b0a75ead) Importer(815301076,1909f56bfc062723c751e8b465ee728b)  -> (artifact id: '463148e8c4e6a6b00d862ebf7a561788') in 0.016154 seconds
  Import took 0.018913 seconds .

========================================================================
Received Import Request.
  Time since last request: 159.478195 seconds.
  path: Assets/Raindrop/raindrop.png
  artifactKey: Guid(646511a20d37e4b47a2c7309b0a75ead) Importer(815301076,1909f56bfc062723c751e8b465ee728b)
Start importing Assets/Raindrop/raindrop.png using Guid(646511a20d37e4b47a2c7309b0a75ead) Importer(815301076,1909f56bfc062723c751e8b465ee728b)  -> (artifact id: '220c4779be8571c18d7270f7440623c8') in 0.027613 seconds
  Import took 0.030674 seconds .

========================================================================
Received Prepare
Registering precompiled user dll's ...
Registered in 0.000831 seconds.
Begin MonoManager ReloadAssembly
Native extension for WindowsStandalone target not found
Refreshing native plugins compatible for Editor in 0.37 ms, found 1 plugins.
Preloading 0 native plugins for Editor in 0.00 ms.
Invoked RoslynAnalysisRunner static constructor.
RoslynAnalysisRunner will not be running.
RoslynAnalysisRunner has terminated.
Mono: successfully reloaded assembly
- Completed reload, in  0.707 seconds
Platform modules already initialized, skipping
Refreshing native plugins compatible for Editor in 0.42 ms, found 1 plugins.
Preloading 0 native plugins for Editor in 0.00 ms.
Unloading 1792 Unused Serialized files (Serialized files now loaded: 0)
System memory in use before: 89.9 MB.
System memory in use after: 89.9 MB.

Unloading 12 unused Assets to reduce memory usage. Loaded Objects now: 2261.
Total: 1.824600 ms (FindLiveObjects: 0.187100 ms CreateObjectMapping: 0.038900 ms MarkObjects: 1.495500 ms  DeleteObjects: 0.102400 ms)

========================================================================
Received Import Request.
  Time since last request: 427.994925 seconds.
  path: Assets/Animation
  artifactKey: Guid(1194077c089b6d44baa400b432f43cea) Importer(815301076,1909f56bfc062723c751e8b465ee728b)
Start importing Assets/Animation using Guid(1194077c089b6d44baa400b432f43cea) Importer(815301076,1909f56bfc062723c751e8b465ee728b)  -> (artifact id: 'fbcde17453c34fe20bd5c9aa76dcc514') in 0.006041 seconds
  Import took 0.009252 seconds .

========================================================================
Received Import Request.
  Time since last request: 0.940579 seconds.
  path: Assets/Animation/raindrop_0.controller
  artifactKey: Guid(f08e9e9270ac3aa4a9b14a0e0434dd28) Importer(815301076,1909f56bfc062723c751e8b465ee728b)
Start importing Assets/Animation/raindrop_0.controller using Guid(f08e9e9270ac3aa4a9b14a0e0434dd28) Importer(815301076,1909f56bfc062723c751e8b465ee728b)  -> (artifact id: '12abcc6ca7f3b5945f3f415c404a941b') in 0.011427 seconds
  Import took 0.014454 seconds .

========================================================================
Received Import Request.
  Time since last request: 1.189734 seconds.
  path: Assets/Animation/raindrop_stay.anim
  artifactKey: Guid(03757132a3cae5b4a8d5dfa50444ba0c) Importer(815301076,1909f56bfc062723c751e8b465ee728b)
Start importing Assets/Animation/raindrop_stay.anim using Guid(03757132a3cae5b4a8d5dfa50444ba0c) Importer(815301076,1909f56bfc062723c751e8b465ee728b)  -> (artifact id: '258cd663fc23c9b22f8995ebf4beb079') in 0.005477 seconds
  Import took 0.008588 seconds .

========================================================================
Received Import Request.
  Time since last request: 0.002746 seconds.
  path: Assets/Animation/raindrop_stay.anim
  artifactKey: Guid(03757132a3cae5b4a8d5dfa50444ba0c) Importer(815301076,1909f56bfc062723c751e8b465ee728b)
Start importing Assets/Animation/raindrop_stay.anim using Guid(03757132a3cae5b4a8d5dfa50444ba0c) Importer(815301076,1909f56bfc062723c751e8b465ee728b)  -> (artifact id: '258cd663fc23c9b22f8995ebf4beb079') in 0.002926 seconds
  Import took 0.005888 seconds .

AssetImportWorkerClient::OnTransportError - code=2 error=End of file
