Using pre-set license
Built from '2020.2/release' branch; Version is '2020.2.4f1 (becced5a802b) revision 12504301'; Using compiler version '192528614'; Build Type 'Release'
OS: 'Windows 10 Home; OS build 19042.928; Version 2009; 64bit' Language: 'zh' Physical Memory: 16229 MB
BatchMode: 1, IsHumanControllingUs: 0, StartBugReporterOnCrash: 0, Is64bit: 1, IsPro: 0

 COMMAND LINE ARGUMENTS:
C:\Program Files\Unity\Hub\Editor\2020.2.4f1\Editor\Unity.exe
-adb2
-batchMode
-noUpm
-name
AssetImportWorker0
-projectPath
E:/Hans/UTS/31262/31262github/GameDesign/ass4gd007
-logFile
Logs/AssetImportWorker0.log
-srvPort
58580
Successfully changed project path to: E:/Hans/UTS/31262/31262github/GameDesign/ass4gd007
E:/Hans/UTS/31262/31262github/GameDesign/ass4gd007
Using Asset Import Pipeline V2.
Refreshing native plugins compatible for Editor in 32.78 ms, found 1 plugins.
Preloading 0 native plugins for Editor in 0.00 ms.
Initialize engine version: 2020.2.4f1 (becced5a802b)
[Subsystems] Discovering subsystems at path C:/Program Files/Unity/Hub/Editor/2020.2.4f1/Editor/Data/Resources/UnitySubsystems
[Subsystems] Discovering subsystems at path E:/Hans/UTS/31262/31262github/GameDesign/ass4gd007/Assets
GfxDevice: creating device client; threaded=0
Direct3D:
    Version:  Direct3D 11.0 [level 11.1]
    Renderer: Intel(R) UHD Graphics 620 (ID=0x5917)
    Vendor:   
    VRAM:     8114 MB
    Driver:   22.20.16.4771
Initialize mono
Mono path[0] = 'C:/Program Files/Unity/Hub/Editor/2020.2.4f1/Editor/Data/Managed'
Mono path[1] = 'C:/Program Files/Unity/Hub/Editor/2020.2.4f1/Editor/Data/MonoBleedingEdge/lib/mono/unityjit'
Mono config path = 'C:/Program Files/Unity/Hub/Editor/2020.2.4f1/Editor/Data/MonoBleedingEdge/etc'
Using monoOptions --debugger-agent=transport=dt_socket,embedding=1,server=y,suspend=n,address=127.0.0.1:56292
Begin MonoManager ReloadAssembly
Registering precompiled unity dll's ...
Register platform support module: C:/Program Files/Unity/Hub/Editor/2020.2.4f1/Editor/Data/PlaybackEngines/WebGLSupport/UnityEditor.WebGL.Extensions.dll
Register platform support module: C:/Program Files/Unity/Hub/Editor/2020.2.4f1/Editor/Data/PlaybackEngines/WindowsStandaloneSupport/UnityEditor.WindowsStandalone.Extensions.dll
Registered in 0.002821 seconds.
Native extension for WindowsStandalone target not found
Native extension for WebGL target not found
Refreshing native plugins compatible for Editor in 33.04 ms, found 1 plugins.
Preloading 0 native plugins for Editor in 0.00 ms.
Invoked RoslynAnalysisRunner static constructor.
RoslynAnalysisRunner will not be running.
RoslynAnalysisRunner has terminated.
Mono: successfully reloaded assembly
- Completed reload, in  1.402 seconds
Platform modules already initialized, skipping
Registering precompiled user dll's ...
Registered in 0.000813 seconds.
Begin MonoManager ReloadAssembly
Native extension for WindowsStandalone target not found
Native extension for WebGL target not found
Refreshing native plugins compatible for Editor in 33.31 ms, found 1 plugins.
Preloading 0 native plugins for Editor in 0.00 ms.
Invoked RoslynAnalysisRunner static constructor.
RoslynAnalysisRunner will not be running.
RoslynAnalysisRunner has terminated.
Mono: successfully reloaded assembly
- Completed reload, in  0.962 seconds
Platform modules already initialized, skipping
========================================================================
Worker process is ready to serve import requests
Launched and connected shader compiler UnityShaderCompiler.exe after 0.06 seconds
Refreshing native plugins compatible for Editor in 0.75 ms, found 1 plugins.
Preloading 0 native plugins for Editor in 0.00 ms.
Unloading 1797 Unused Serialized files (Serialized files now loaded: 0)
System memory in use before: 94.5 MB.
System memory in use after: 94.5 MB.

Unloading 24 unused Assets to reduce memory usage. Loaded Objects now: 2238.
Total: 3.294100 ms (FindLiveObjects: 0.286000 ms CreateObjectMapping: 0.128100 ms MarkObjects: 2.701800 ms  DeleteObjects: 0.176600 ms)

========================================================================
Received Import Request.
  path: Assets/Tilemap/Level1/level1.prefab
  artifactKey: Guid(71c20b38203a0564f81b05989e519df6) Importer(815301076,1909f56bfc062723c751e8b465ee728b)
Start importing Assets/Tilemap/Level1/level1.prefab using Guid(71c20b38203a0564f81b05989e519df6) Importer(815301076,1909f56bfc062723c751e8b465ee728b)  -> (artifact id: '8d95338a96a8d96a047fbee3ba398526') in 0.054772 seconds
  Import took 0.058750 seconds .

========================================================================
Received Import Request.
  Time since last request: 0.905962 seconds.
  path: Assets/Tilemap/Level1/material/png/grass.png
  artifactKey: Guid(d7e95f03decf8a244a4cec74cc2204ef) Importer(815301076,1909f56bfc062723c751e8b465ee728b)
Start importing Assets/Tilemap/Level1/material/png/grass.png using Guid(d7e95f03decf8a244a4cec74cc2204ef) Importer(815301076,1909f56bfc062723c751e8b465ee728b)  -> (artifact id: '7354f42fb06f8d334d36fe24f60d54c7') in 0.067794 seconds
  Import took 0.071607 seconds .

========================================================================
Received Import Request.
  Time since last request: 0.000367 seconds.
  path: Assets/Tilemap/Level1/material/png/grass_both_2.png
  artifactKey: Guid(3093bc5c3da66c24cacc05c4ffd3b7ad) Importer(815301076,1909f56bfc062723c751e8b465ee728b)
Start importing Assets/Tilemap/Level1/material/png/grass_both_2.png using Guid(3093bc5c3da66c24cacc05c4ffd3b7ad) Importer(815301076,1909f56bfc062723c751e8b465ee728b)  -> (artifact id: '5dbdb0160abd8ffeff689e08d1c1a3a0') in 0.008880 seconds
  Import took 0.012153 seconds .

========================================================================
Received Import Request.
  Time since last request: 0.000513 seconds.
  path: Assets/Tilemap/Level1/material/png/grass_corn_3.png
  artifactKey: Guid(0ae773e425b7d99418676361f25ab073) Importer(815301076,1909f56bfc062723c751e8b465ee728b)
Start importing Assets/Tilemap/Level1/material/png/grass_corn_3.png using Guid(0ae773e425b7d99418676361f25ab073) Importer(815301076,1909f56bfc062723c751e8b465ee728b)  -> (artifact id: '97c44dea30b79df83dd0d88dc1f20f4a') in 0.010169 seconds
  Import took 0.013772 seconds .

========================================================================
Received Import Request.
  Time since last request: 0.000385 seconds.
  path: Assets/Tilemap/Level1/material/png/grass_corn_1.png
  artifactKey: Guid(677cfb708158f07448d238d11901f081) Importer(815301076,1909f56bfc062723c751e8b465ee728b)
Start importing Assets/Tilemap/Level1/material/png/grass_corn_1.png using Guid(677cfb708158f07448d238d11901f081) Importer(815301076,1909f56bfc062723c751e8b465ee728b)  -> (artifact id: 'f70c7369e1f0689d7585f8eeb10a89a9') in 0.012637 seconds
  Import took 0.016731 seconds .

========================================================================
Received Import Request.
  Time since last request: 0.000423 seconds.
  path: Assets/Tilemap/Level1/material/png/grass_both_corn_6.png
  artifactKey: Guid(8980927a1c2e25542b7bfcc760ec0a77) Importer(815301076,1909f56bfc062723c751e8b465ee728b)
Start importing Assets/Tilemap/Level1/material/png/grass_both_corn_6.png using Guid(8980927a1c2e25542b7bfcc760ec0a77) Importer(815301076,1909f56bfc062723c751e8b465ee728b)  -> (artifact id: 'fa1eb211b1973f31f3feced1511c8ba1') in 0.008189 seconds
  Import took 0.011289 seconds .

========================================================================
Received Import Request.
  Time since last request: 0.000389 seconds.
  path: Assets/Tilemap/Level1/material/png/grass_edge_4.png
  artifactKey: Guid(8fe85c83912d76f489f1711a598dca23) Importer(815301076,1909f56bfc062723c751e8b465ee728b)
Start importing Assets/Tilemap/Level1/material/png/grass_edge_4.png using Guid(8fe85c83912d76f489f1711a598dca23) Importer(815301076,1909f56bfc062723c751e8b465ee728b)  -> (artifact id: '18595f3481a62bb957d30c583490efbb') in 0.009810 seconds
  Import took 0.014089 seconds .

========================================================================
Received Import Request.
  Time since last request: 0.000491 seconds.
  path: Assets/Tilemap/Level1/material/png/grass_both_corn_8.png
  artifactKey: Guid(07519a9f926cac64babfe24d5e3ae6de) Importer(815301076,1909f56bfc062723c751e8b465ee728b)
Start importing Assets/Tilemap/Level1/material/png/grass_both_corn_8.png using Guid(07519a9f926cac64babfe24d5e3ae6de) Importer(815301076,1909f56bfc062723c751e8b465ee728b)  -> (artifact id: 'dcb39954f5781a80f262b19910d5b8f8') in 0.019087 seconds
  Import took 0.022808 seconds .

========================================================================
Received Import Request.
  Time since last request: 0.000287 seconds.
  path: Assets/Tilemap/Level1/material/png/grass_side_2.png
  artifactKey: Guid(dc103c7185eac9343b5bea73e96f0c65) Importer(815301076,1909f56bfc062723c751e8b465ee728b)
Start importing Assets/Tilemap/Level1/material/png/grass_side_2.png using Guid(dc103c7185eac9343b5bea73e96f0c65) Importer(815301076,1909f56bfc062723c751e8b465ee728b)  -> (artifact id: '4fc9d9141af040d6c4db68c85e9e3950') in 0.009948 seconds
  Import took 0.013574 seconds .

========================================================================
Received Import Request.
  Time since last request: 0.000336 seconds.
  path: Assets/Tilemap/Level1/material/png/grass_both_corn_3.png
  artifactKey: Guid(accd022c8ba83094e955e769ff17269e) Importer(815301076,1909f56bfc062723c751e8b465ee728b)
Start importing Assets/Tilemap/Level1/material/png/grass_both_corn_3.png using Guid(accd022c8ba83094e955e769ff17269e) Importer(815301076,1909f56bfc062723c751e8b465ee728b)  -> (artifact id: '72ec8f2569bb4338adcaec1f1dc10a73') in 0.009702 seconds
  Import took 0.013556 seconds .

========================================================================
Received Import Request.
  Time since last request: 0.000434 seconds.
  path: Assets/Tilemap/Level1/material/png/grass_both_corn_4.png
  artifactKey: Guid(5d953046018d8cd489dbbd3b81d12489) Importer(815301076,1909f56bfc062723c751e8b465ee728b)
Start importing Assets/Tilemap/Level1/material/png/grass_both_corn_4.png using Guid(5d953046018d8cd489dbbd3b81d12489) Importer(815301076,1909f56bfc062723c751e8b465ee728b)  -> (artifact id: '87deedffaf427ce67764c00c024079b1') in 0.011171 seconds
  Import took 0.015451 seconds .

========================================================================
Received Import Request.
  Time since last request: 0.000297 seconds.
  path: Assets/Tilemap/Level1/material/png/grass_both_1.png
  artifactKey: Guid(4328ec8a7bea8ab47bcb4823c4afdc2b) Importer(815301076,1909f56bfc062723c751e8b465ee728b)
Start importing Assets/Tilemap/Level1/material/png/grass_both_1.png using Guid(4328ec8a7bea8ab47bcb4823c4afdc2b) Importer(815301076,1909f56bfc062723c751e8b465ee728b)  -> (artifact id: '5502fff1fec3cbfbc61326d02141274e') in 0.010170 seconds
  Import took 0.013215 seconds .

========================================================================
Received Import Request.
  Time since last request: 0.000374 seconds.
  path: Assets/Tilemap/Level1/material/png/grass_side_1.png
  artifactKey: Guid(4438bce69db6333438df923a5985e483) Importer(815301076,1909f56bfc062723c751e8b465ee728b)
Start importing Assets/Tilemap/Level1/material/png/grass_side_1.png using Guid(4438bce69db6333438df923a5985e483) Importer(815301076,1909f56bfc062723c751e8b465ee728b)  -> (artifact id: 'f93aa4222105098e918422120fbc2383') in 0.013387 seconds
  Import took 0.017219 seconds .

========================================================================
Received Import Request.
  Time since last request: 0.000412 seconds.
  path: Assets/Tilemap/Level1/material/png/grass_corn_4.png
  artifactKey: Guid(af46de0bd1c4aa34797aeb47a142963a) Importer(815301076,1909f56bfc062723c751e8b465ee728b)
Start importing Assets/Tilemap/Level1/material/png/grass_corn_4.png using Guid(af46de0bd1c4aa34797aeb47a142963a) Importer(815301076,1909f56bfc062723c751e8b465ee728b)  -> (artifact id: 'e5f0eaa858d29e1394b4cb45538cc964') in 0.013377 seconds
  Import took 0.016472 seconds .

========================================================================
Received Import Request.
  Time since last request: 0.000327 seconds.
  path: Assets/Tilemap/Level1/material/png/grass_both_corn_1.png
  artifactKey: Guid(5d45a33f7b6daa448b047bfdf2655aad) Importer(815301076,1909f56bfc062723c751e8b465ee728b)
Start importing Assets/Tilemap/Level1/material/png/grass_both_corn_1.png using Guid(5d45a33f7b6daa448b047bfdf2655aad) Importer(815301076,1909f56bfc062723c751e8b465ee728b)  -> (artifact id: '94e45e3c7b2e51fb4dcb69be1d7d9499') in 0.009704 seconds
  Import took 0.012564 seconds .

========================================================================
Received Import Request.
  Time since last request: 0.000374 seconds.
  path: Assets/Tilemap/Level1/material/png/grass_both_corn_5.png
  artifactKey: Guid(2f1d489b139e0274386cfb899bda7ea0) Importer(815301076,1909f56bfc062723c751e8b465ee728b)
Start importing Assets/Tilemap/Level1/material/png/grass_both_corn_5.png using Guid(2f1d489b139e0274386cfb899bda7ea0) Importer(815301076,1909f56bfc062723c751e8b465ee728b)  -> (artifact id: 'ae1be2daf9f47df3dabffd808f6606c3') in 0.009900 seconds
  Import took 0.013289 seconds .

========================================================================
Received Import Request.
  Time since last request: 0.000523 seconds.
  path: Assets/Tilemap/Level1/material/png/grass_both_corn_2.png
  artifactKey: Guid(0fdaf97a9c7eacb4697f08e7b2064af5) Importer(815301076,1909f56bfc062723c751e8b465ee728b)
Start importing Assets/Tilemap/Level1/material/png/grass_both_corn_2.png using Guid(0fdaf97a9c7eacb4697f08e7b2064af5) Importer(815301076,1909f56bfc062723c751e8b465ee728b)  -> (artifact id: '14cf3961ef1d906190fc1235a12ab9dc') in 0.011342 seconds
  Import took 0.015088 seconds .

========================================================================
Received Import Request.
  Time since last request: 0.000352 seconds.
  path: Assets/Tilemap/Level1/material/png/grass_side_3.png
  artifactKey: Guid(4643c07ff2484f2478328a039290663b) Importer(815301076,1909f56bfc062723c751e8b465ee728b)
Start importing Assets/Tilemap/Level1/material/png/grass_side_3.png using Guid(4643c07ff2484f2478328a039290663b) Importer(815301076,1909f56bfc062723c751e8b465ee728b)  -> (artifact id: 'b7ff26fb35acc8a4758268e3c6c5f40f') in 0.011544 seconds
  Import took 0.015049 seconds .

========================================================================
Received Import Request.
  Time since last request: 0.000313 seconds.
  path: Assets/Tilemap/Level1/material/png/grass_edge_1.png
  artifactKey: Guid(017c9460b1736d94f896791ede671047) Importer(815301076,1909f56bfc062723c751e8b465ee728b)
Start importing Assets/Tilemap/Level1/material/png/grass_edge_1.png using Guid(017c9460b1736d94f896791ede671047) Importer(815301076,1909f56bfc062723c751e8b465ee728b)  -> (artifact id: '351b6fd2a183586fd373b52cc055eb62') in 0.008804 seconds
  Import took 0.012994 seconds .

========================================================================
Received Import Request.
  Time since last request: 0.000323 seconds.
  path: Assets/Tilemap/Level1/material/png/grass_edge_3.png
  artifactKey: Guid(7fe4ac4377be1994d8e1b34ef3f47af1) Importer(815301076,1909f56bfc062723c751e8b465ee728b)
Start importing Assets/Tilemap/Level1/material/png/grass_edge_3.png using Guid(7fe4ac4377be1994d8e1b34ef3f47af1) Importer(815301076,1909f56bfc062723c751e8b465ee728b)  -> (artifact id: '6534eacfaee0a3682f13438ef8d58e83') in 0.011036 seconds
  Import took 0.015287 seconds .

========================================================================
Received Import Request.
  Time since last request: 0.000358 seconds.
  path: Assets/Tilemap/Level1/material/png/grass_both_corn_7.png
  artifactKey: Guid(d618f0c9413619a41af4252950f8ad33) Importer(815301076,1909f56bfc062723c751e8b465ee728b)
Start importing Assets/Tilemap/Level1/material/png/grass_both_corn_7.png using Guid(d618f0c9413619a41af4252950f8ad33) Importer(815301076,1909f56bfc062723c751e8b465ee728b)  -> (artifact id: 'a2fc50b9bd4d51c493610c8f9840593d') in 0.010810 seconds
  Import took 0.014431 seconds .

========================================================================
Received Import Request.
  Time since last request: 0.000416 seconds.
  path: Assets/Tilemap/Level1/material/png/grass_corn_2.png
  artifactKey: Guid(a368cd4f25f1f334d9f7fab82ac2f6d9) Importer(815301076,1909f56bfc062723c751e8b465ee728b)
Start importing Assets/Tilemap/Level1/material/png/grass_corn_2.png using Guid(a368cd4f25f1f334d9f7fab82ac2f6d9) Importer(815301076,1909f56bfc062723c751e8b465ee728b)  -> (artifact id: 'd99fbdd77fcd8b72ec286d1e306c2ed4') in 0.018649 seconds
  Import took 0.023437 seconds .

========================================================================
Received Import Request.
  Time since last request: 0.000278 seconds.
  path: Assets/Tilemap/Level1/material/png/grass_edge_2.png
  artifactKey: Guid(4c0bafd92feb45c4ea8eaf49ac49bc0a) Importer(815301076,1909f56bfc062723c751e8b465ee728b)
Start importing Assets/Tilemap/Level1/material/png/grass_edge_2.png using Guid(4c0bafd92feb45c4ea8eaf49ac49bc0a) Importer(815301076,1909f56bfc062723c751e8b465ee728b)  -> (artifact id: '21f888d6296fdce611edd2e8cc87b13b') in 0.008490 seconds
  Import took 0.011917 seconds .

========================================================================
Received Import Request.
  Time since last request: 150.917381 seconds.
  path: Assets/Tilemap/Level1/material/png/grass_side_4.png
  artifactKey: Guid(2547511cac8bb7c46800a800e290cef1) Importer(815301076,1909f56bfc062723c751e8b465ee728b)
Start importing Assets/Tilemap/Level1/material/png/grass_side_4.png using Guid(2547511cac8bb7c46800a800e290cef1) Importer(815301076,1909f56bfc062723c751e8b465ee728b)  -> (artifact id: '77dde928bd7852bd6c486e2e0269f072') in 0.009068 seconds
  Import took 0.013514 seconds .

========================================================================
Received Import Request.
  Time since last request: 0.000365 seconds.
  path: Assets/Tilemap/Level1/material/png/water2.png
  artifactKey: Guid(838ce129472a6854d8c9c2979f18be35) Importer(815301076,1909f56bfc062723c751e8b465ee728b)
Start importing Assets/Tilemap/Level1/material/png/water2.png using Guid(838ce129472a6854d8c9c2979f18be35) Importer(815301076,1909f56bfc062723c751e8b465ee728b)  -> (artifact id: '3a0672380318b2a6fc3910ca0823aa91') in 0.008032 seconds
  Import took 0.010623 seconds .

========================================================================
Received Import Request.
  Time since last request: 0.000333 seconds.
  path: Assets/Tilemap/Level1/material/png/water5.png
  artifactKey: Guid(a19c30b7895eded489f75f12b27f37d3) Importer(815301076,1909f56bfc062723c751e8b465ee728b)
Start importing Assets/Tilemap/Level1/material/png/water5.png using Guid(a19c30b7895eded489f75f12b27f37d3) Importer(815301076,1909f56bfc062723c751e8b465ee728b)  -> (artifact id: 'd13d57b61f18bb85e7e49e271792bcaa') in 0.009623 seconds
  Import took 0.012502 seconds .

========================================================================
Received Import Request.
  Time since last request: 0.000329 seconds.
  path: Assets/Tilemap/Level1/material/png/water4.png
  artifactKey: Guid(4fd506f4b90217d47a19eda7cd209370) Importer(815301076,1909f56bfc062723c751e8b465ee728b)
Start importing Assets/Tilemap/Level1/material/png/water4.png using Guid(4fd506f4b90217d47a19eda7cd209370) Importer(815301076,1909f56bfc062723c751e8b465ee728b)  -> (artifact id: 'f2be73678ee9e6dcf358e1b563c52004') in 0.012883 seconds
  Import took 0.016141 seconds .

========================================================================
Received Import Request.
  Time since last request: 0.000411 seconds.
  path: Assets/Tilemap/Level1/material/png/water1.png
  artifactKey: Guid(c112a207a5b0de04e95b9e349c16745c) Importer(815301076,1909f56bfc062723c751e8b465ee728b)
Start importing Assets/Tilemap/Level1/material/png/water1.png using Guid(c112a207a5b0de04e95b9e349c16745c) Importer(815301076,1909f56bfc062723c751e8b465ee728b)  -> (artifact id: 'aa4b04c8e0260dd154a434e751072f5f') in 0.009005 seconds
  Import took 0.012920 seconds .

========================================================================
Received Import Request.
  Time since last request: 0.000368 seconds.
  path: Assets/Tilemap/Level1/material/png/water3.png
  artifactKey: Guid(4fe441fa4fbff2e4cb7ace4b7c779f90) Importer(815301076,1909f56bfc062723c751e8b465ee728b)
Start importing Assets/Tilemap/Level1/material/png/water3.png using Guid(4fe441fa4fbff2e4cb7ace4b7c779f90) Importer(815301076,1909f56bfc062723c751e8b465ee728b)  -> (artifact id: '6b7f22f22e1aa8eccf0c0e4b95e02ae3') in 0.008053 seconds
  Import took 0.011108 seconds .

========================================================================
Received Import Request.
  Time since last request: 0.000380 seconds.
  path: Assets/Tilemap/Level1/material/png/water_corn_1.png
  artifactKey: Guid(72f0be08e64c7d946bd516eecf05327c) Importer(815301076,1909f56bfc062723c751e8b465ee728b)
Start importing Assets/Tilemap/Level1/material/png/water_corn_1.png using Guid(72f0be08e64c7d946bd516eecf05327c) Importer(815301076,1909f56bfc062723c751e8b465ee728b)  -> (artifact id: 'e78c0c209d44a7f3054e9d1ddecd11f7') in 0.009482 seconds
  Import took 0.012849 seconds .

========================================================================
Received Import Request.
  Time since last request: 0.031496 seconds.
  path: Assets/Tilemap/Level1/material/png/water_corn_2.png
  artifactKey: Guid(83a9db2bda7736b42852d1da44328351) Importer(815301076,1909f56bfc062723c751e8b465ee728b)
Start importing Assets/Tilemap/Level1/material/png/water_corn_2.png using Guid(83a9db2bda7736b42852d1da44328351) Importer(815301076,1909f56bfc062723c751e8b465ee728b)  -> (artifact id: '3e2e20cd2f7fa91041ad53add2e517e4') in 0.010725 seconds
  Import took 0.014898 seconds .

========================================================================
Received Import Request.
  Time since last request: 0.000341 seconds.
  path: Assets/Tilemap/Level1/material/png/water_edge_1.png
  artifactKey: Guid(5f55295ae289f1346986fc41e89b8d68) Importer(815301076,1909f56bfc062723c751e8b465ee728b)
Start importing Assets/Tilemap/Level1/material/png/water_edge_1.png using Guid(5f55295ae289f1346986fc41e89b8d68) Importer(815301076,1909f56bfc062723c751e8b465ee728b)  -> (artifact id: 'e417ce3426ff33a78fb846ecbec5dd8a') in 0.014779 seconds
  Import took 0.017825 seconds .

========================================================================
Received Import Request.
  Time since last request: 0.000336 seconds.
  path: Assets/Tilemap/Level1/material/png/water_corn_4.png
  artifactKey: Guid(13d5aebff172b6e47a242526e519dcad) Importer(815301076,1909f56bfc062723c751e8b465ee728b)
Start importing Assets/Tilemap/Level1/material/png/water_corn_4.png using Guid(13d5aebff172b6e47a242526e519dcad) Importer(815301076,1909f56bfc062723c751e8b465ee728b)  -> (artifact id: 'e1fd3442848ddd580bbc3f7b042ab858') in 0.009397 seconds
  Import took 0.012917 seconds .

========================================================================
Received Import Request.
  Time since last request: 0.000366 seconds.
  path: Assets/Tilemap/Level1/material/png/water_corn_3.png
  artifactKey: Guid(b21590905be4a0549b988cd592a25263) Importer(815301076,1909f56bfc062723c751e8b465ee728b)
Start importing Assets/Tilemap/Level1/material/png/water_corn_3.png using Guid(b21590905be4a0549b988cd592a25263) Importer(815301076,1909f56bfc062723c751e8b465ee728b)  -> (artifact id: '018f077b947823921c93cfde8003971f') in 0.009792 seconds
  Import took 0.013427 seconds .

========================================================================
Received Import Request.
  Time since last request: 0.000486 seconds.
  path: Assets/Tilemap/Level1/material/png/water_edge_3.png
  artifactKey: Guid(23e4160a9bcdd1d488198f9fb63a4c50) Importer(815301076,1909f56bfc062723c751e8b465ee728b)
Start importing Assets/Tilemap/Level1/material/png/water_edge_3.png using Guid(23e4160a9bcdd1d488198f9fb63a4c50) Importer(815301076,1909f56bfc062723c751e8b465ee728b)  -> (artifact id: '8170b21d31f19f3a75b2453a4edc78b1') in 0.013723 seconds
  Import took 0.016902 seconds .

========================================================================
Received Import Request.
  Time since last request: 0.000332 seconds.
  path: Assets/Tilemap/Level1/material/png/water_edge_4.png
  artifactKey: Guid(993f0e645ad4e99449ffa550e6f3941a) Importer(815301076,1909f56bfc062723c751e8b465ee728b)
Start importing Assets/Tilemap/Level1/material/png/water_edge_4.png using Guid(993f0e645ad4e99449ffa550e6f3941a) Importer(815301076,1909f56bfc062723c751e8b465ee728b)  -> (artifact id: '096f8ad91b379ef61a47aa2eb604af3f') in 0.011521 seconds
  Import took 0.014490 seconds .

========================================================================
Received Import Request.
  Time since last request: 0.000396 seconds.
  path: Assets/Tilemap/Level1/material/png/water_edge_2.png
  artifactKey: Guid(3326b686250425940a2008411dbbcb82) Importer(815301076,1909f56bfc062723c751e8b465ee728b)
Start importing Assets/Tilemap/Level1/material/png/water_edge_2.png using Guid(3326b686250425940a2008411dbbcb82) Importer(815301076,1909f56bfc062723c751e8b465ee728b)  -> (artifact id: 'b04ce7a42dd29ba0594cc559333e630d') in 0.008379 seconds
  Import took 0.011881 seconds .

========================================================================
Received Prepare
Registering precompiled user dll's ...
Registered in 0.000786 seconds.
Begin MonoManager ReloadAssembly
Native extension for WindowsStandalone target not found
Native extension for WebGL target not found
Refreshing native plugins compatible for Editor in 0.43 ms, found 1 plugins.
Preloading 0 native plugins for Editor in 0.00 ms.
Invoked RoslynAnalysisRunner static constructor.
RoslynAnalysisRunner will not be running.
RoslynAnalysisRunner has terminated.
Mono: successfully reloaded assembly
- Completed reload, in  0.869 seconds
Platform modules already initialized, skipping
Refreshing native plugins compatible for Editor in 0.76 ms, found 1 plugins.
Preloading 0 native plugins for Editor in 0.00 ms.
Unloading 1792 Unused Serialized files (Serialized files now loaded: 0)
System memory in use before: 97.6 MB.
System memory in use after: 97.6 MB.

Unloading 12 unused Assets to reduce memory usage. Loaded Objects now: 2247.
Total: 4.257100 ms (FindLiveObjects: 0.409900 ms CreateObjectMapping: 0.171900 ms MarkObjects: 3.494500 ms  DeleteObjects: 0.178400 ms)

AssetImportWorkerClient::OnTransportError - code=2 error=End of file
